<?xml version="1.0" encoding="UTF-8"?>
<coverage generated="1552908485981" clover="3.2.0">
  <project timestamp="1552908485982" name="All files">
    <metrics statements="169" coveredstatements="119" conditionals="208" coveredconditionals="88" methods="86" coveredmethods="35" elements="463" coveredelements="242" complexity="0" loc="169" ncloc="169" packages="9" files="14" classes="14">
      <package name="src">
        <metrics statements="11" coveredstatements="9" conditionals="4" coveredconditionals="3" methods="6" coveredmethods="4"/>
        <file name="setupTests.js" path="C:\Users\LJ\Desktop\reactsamplea\src\setupTests.js">
          <metrics statements="11" coveredstatements="9" conditionals="4" coveredconditionals="3" methods="6" coveredmethods="4"/>
          <line num="1" count="8" type="stmt"/>
          <line num="3" count="16" type="cond" truecount="3" falsecount="1"/>
          <line num="5" count="8" type="stmt"/>
          <line num="9" count="8" type="stmt"/>
          <line num="10" count="8" type="stmt"/>
          <line num="11" count="8" type="stmt"/>
          <line num="13" count="3" type="stmt"/>
          <line num="16" count="2" type="stmt"/>
          <line num="19" count="0" type="stmt"/>
          <line num="22" count="0" type="stmt"/>
          <line num="26" count="8" type="stmt"/>
        </file>
      </package>
      <package name="src.Gallery">
        <metrics statements="14" coveredstatements="13" conditionals="16" coveredconditionals="11" methods="3" coveredmethods="3"/>
        <file name="ImagesReducer.js" path="C:\Users\LJ\Desktop\reactsamplea\src\Gallery\ImagesReducer.js">
          <metrics statements="14" coveredstatements="13" conditionals="16" coveredconditionals="11" methods="3" coveredmethods="3"/>
          <line num="1" count="1" type="cond" truecount="3" falsecount="1"/>
          <line num="4" count="1" type="stmt"/>
          <line num="5" count="3" type="cond" truecount="4" falsecount="0"/>
          <line num="6" count="3" type="cond" truecount="3" falsecount="1"/>
          <line num="9" count="1" type="cond" truecount="1" falsecount="1"/>
          <line num="10" count="1" type="stmt"/>
          <line num="11" count="1" type="stmt"/>
          <line num="15" count="1" type="stmt"/>
          <line num="16" count="2" type="stmt"/>
          <line num="17" count="1" type="stmt"/>
          <line num="18" count="1" type="stmt"/>
          <line num="20" count="0" type="cond" truecount="0" falsecount="2"/>
          <line num="22" count="1" type="stmt"/>
          <line num="24" count="1" type="stmt"/>
        </file>
      </package>
      <package name="src.app">
        <metrics statements="21" coveredstatements="21" conditionals="61" coveredconditionals="4" methods="18" coveredmethods="4"/>
        <file name="Constants.js" path="C:\Users\LJ\Desktop\reactsamplea\src\app\Constants.js">
          <metrics statements="18" coveredstatements="18" conditionals="48" coveredconditionals="0" methods="15" coveredmethods="3"/>
          <line num="1" count="5" type="stmt"/>
          <line num="2" count="5" type="stmt"/>
          <line num="9" count="5" type="cond" truecount="0" falsecount="4"/>
          <line num="11" count="5" type="stmt"/>
          <line num="14" count="5" type="stmt"/>
          <line num="16" count="10" type="stmt"/>
          <line num="19" count="5" type="stmt"/>
          <line num="20" count="5" type="stmt"/>
          <line num="22" count="5" type="stmt"/>
          <line num="25" count="5" type="stmt"/>
          <line num="28" count="5" type="stmt"/>
          <line num="31" count="5" type="stmt"/>
          <line num="33" count="5" type="stmt"/>
          <line num="38" count="5" type="stmt"/>
          <line num="43" count="5" type="stmt"/>
          <line num="48" count="5" type="stmt"/>
          <line num="53" count="5" type="stmt"/>
          <line num="56" count="5" type="stmt"/>
        </file>
        <file name="RenderField.js" path="C:\Users\LJ\Desktop\reactsamplea\src\app\RenderField.js">
          <metrics statements="3" coveredstatements="3" conditionals="13" coveredconditionals="4" methods="3" coveredmethods="1"/>
          <line num="1" count="2" type="cond" truecount="4" falsecount="4"/>
          <line num="3" count="2" type="stmt"/>
          <line num="9" count="2" type="stmt"/>
        </file>
      </package>
      <package name="src.expense">
        <metrics statements="13" coveredstatements="11" conditionals="24" coveredconditionals="14" methods="6" coveredmethods="4"/>
        <file name="expenseReducer.js" path="C:\Users\LJ\Desktop\reactsamplea\src\expense\expenseReducer.js">
          <metrics statements="13" coveredstatements="11" conditionals="24" coveredconditionals="14" methods="6" coveredmethods="4"/>
          <line num="1" count="1" type="cond" truecount="1" falsecount="3"/>
          <line num="6" count="4" type="cond" truecount="3" falsecount="1"/>
          <line num="10" count="1" type="stmt"/>
          <line num="11" count="5" type="cond" truecount="4" falsecount="0"/>
          <line num="13" count="5" type="cond" truecount="4" falsecount="2"/>
          <line num="17" count="2" type="stmt"/>
          <line num="18" count="2" type="stmt"/>
          <line num="23" count="0" type="cond" truecount="0" falsecount="2"/>
          <line num="25" count="2" type="stmt"/>
          <line num="28" count="0" type="cond" truecount="0" falsecount="2"/>
          <line num="30" count="2" type="cond" truecount="2" falsecount="0"/>
          <line num="34" count="1" type="stmt"/>
          <line num="36" count="1" type="stmt"/>
        </file>
      </package>
      <package name="src.expense.add">
        <metrics statements="19" coveredstatements="11" conditionals="8" coveredconditionals="6" methods="7" coveredmethods="3"/>
        <file name="AddExpenseAction.js" path="C:\Users\LJ\Desktop\reactsamplea\src\expense\add\AddExpenseAction.js">
          <metrics statements="13" coveredstatements="5" conditionals="4" coveredconditionals="3" methods="5" coveredmethods="1"/>
          <line num="1" count="1" type="stmt"/>
          <line num="2" count="1" type="stmt"/>
          <line num="3" count="1" type="cond" truecount="3" falsecount="1"/>
          <line num="4" count="1" type="stmt"/>
          <line num="5" count="1" type="stmt"/>
          <line num="6" count="0" type="stmt"/>
          <line num="13" count="0" type="stmt"/>
          <line num="14" count="0" type="stmt"/>
          <line num="15" count="0" type="stmt"/>
          <line num="17" count="0" type="stmt"/>
          <line num="22" count="0" type="stmt"/>
          <line num="23" count="0" type="stmt"/>
          <line num="26" count="0" type="stmt"/>
        </file>
        <file name="try.js" path="C:\Users\LJ\Desktop\reactsamplea\src\expense\add\try.js">
          <metrics statements="6" coveredstatements="6" conditionals="4" coveredconditionals="3" methods="2" coveredmethods="2"/>
          <line num="1" count="1" type="stmt"/>
          <line num="2" count="1" type="cond" truecount="3" falsecount="1"/>
          <line num="5" count="1" type="stmt"/>
          <line num="6" count="3" type="stmt"/>
          <line num="7" count="3" type="stmt"/>
          <line num="10" count="1" type="stmt"/>
        </file>
      </package>
      <package name="src.expense.dashboard">
        <metrics statements="9" coveredstatements="4" conditionals="4" coveredconditionals="3" methods="5" coveredmethods="1"/>
        <file name="DashBoardAction.js" path="C:\Users\LJ\Desktop\reactsamplea\src\expense\dashboard\DashBoardAction.js">
          <metrics statements="9" coveredstatements="4" conditionals="4" coveredconditionals="3" methods="5" coveredmethods="1"/>
          <line num="1" count="4" type="stmt"/>
          <line num="2" count="4" type="cond" truecount="3" falsecount="1"/>
          <line num="3" count="4" type="stmt"/>
          <line num="4" count="4" type="stmt"/>
          <line num="5" count="0" type="stmt"/>
          <line num="6" count="0" type="stmt"/>
          <line num="7" count="0" type="stmt"/>
          <line num="9" count="0" type="stmt"/>
          <line num="14" count="0" type="stmt"/>
        </file>
      </package>
      <package name="src.expense.delete">
        <metrics statements="11" coveredstatements="5" conditionals="4" coveredconditionals="3" methods="5" coveredmethods="1"/>
        <file name="DeleteExpenseAction.js" path="C:\Users\LJ\Desktop\reactsamplea\src\expense\delete\DeleteExpenseAction.js">
          <metrics statements="11" coveredstatements="5" conditionals="4" coveredconditionals="3" methods="5" coveredmethods="1"/>
          <line num="1" count="1" type="stmt"/>
          <line num="2" count="1" type="stmt"/>
          <line num="3" count="1" type="cond" truecount="3" falsecount="1"/>
          <line num="5" count="1" type="stmt"/>
          <line num="6" count="1" type="stmt"/>
          <line num="8" count="0" type="stmt"/>
          <line num="9" count="0" type="stmt"/>
          <line num="10" count="0" type="stmt"/>
          <line num="12" count="0" type="stmt"/>
          <line num="16" count="0" type="stmt"/>
          <line num="19" count="0" type="stmt"/>
        </file>
      </package>
      <package name="src.login">
        <metrics statements="45" coveredstatements="29" conditionals="50" coveredconditionals="26" methods="20" coveredmethods="8"/>
        <file name="LoginAction.js" path="C:\Users\LJ\Desktop\reactsamplea\src\login\LoginAction.js">
          <metrics statements="22" coveredstatements="10" conditionals="4" coveredconditionals="3" methods="7" coveredmethods="1"/>
          <line num="1" count="3" type="stmt"/>
          <line num="2" count="3" type="stmt"/>
          <line num="3" count="3" type="stmt"/>
          <line num="4" count="6" type="cond" truecount="3" falsecount="1"/>
          <line num="6" count="3" type="stmt"/>
          <line num="7" count="3" type="stmt"/>
          <line num="8" count="3" type="stmt"/>
          <line num="9" count="3" type="stmt"/>
          <line num="11" count="3" type="stmt"/>
          <line num="13" count="0" type="stmt"/>
          <line num="15" count="0" type="stmt"/>
          <line num="16" count="0" type="stmt"/>
          <line num="18" count="0" type="stmt"/>
          <line num="19" count="0" type="stmt"/>
          <line num="21" count="0" type="stmt"/>
          <line num="25" count="0" type="stmt"/>
          <line num="26" count="0" type="stmt"/>
          <line num="29" count="0" type="stmt"/>
          <line num="35" count="3" type="stmt"/>
          <line num="37" count="0" type="stmt"/>
          <line num="38" count="0" type="stmt"/>
          <line num="39" count="0" type="stmt"/>
        </file>
        <file name="LoginComponent.js" path="C:\Users\LJ\Desktop\reactsamplea\src\login\LoginComponent.js">
          <metrics statements="16" coveredstatements="12" conditionals="33" coveredconditionals="15" methods="11" coveredmethods="6"/>
          <line num="1" count="1" type="cond" truecount="5" falsecount="3"/>
          <line num="2" count="1" type="stmt"/>
          <line num="3" count="1" type="stmt"/>
          <line num="4" count="1" type="stmt"/>
          <line num="5" count="1" type="stmt"/>
          <line num="6" count="1" type="stmt"/>
          <line num="7" count="1" type="stmt"/>
          <line num="10" count="1" type="stmt"/>
          <line num="12" count="2" type="cond" truecount="10" falsecount="13"/>
          <line num="15" count="1" type="cond" truecount="0" falsecount="2"/>
          <line num="19" count="0" type="stmt"/>
          <line num="20" count="0" type="stmt"/>
          <line num="21" count="1" type="stmt"/>
          <line num="24" count="0" type="stmt"/>
          <line num="25" count="0" type="stmt"/>
          <line num="60" count="1" type="stmt"/>
        </file>
        <file name="LoginReducer.js" path="C:\Users\LJ\Desktop\reactsamplea\src\login\LoginReducer.js">
          <metrics statements="7" coveredstatements="7" conditionals="13" coveredconditionals="8" methods="2" coveredmethods="1"/>
          <line num="1" count="1" type="cond" truecount="1" falsecount="3"/>
          <line num="4" count="3" type="cond" truecount="4" falsecount="2"/>
          <line num="5" count="3" type="cond" truecount="3" falsecount="0"/>
          <line num="8" count="1" type="stmt"/>
          <line num="10" count="1" type="stmt"/>
          <line num="12" count="1" type="stmt"/>
          <line num="14" count="1" type="stmt"/>
        </file>
      </package>
      <package name="src.signup">
        <metrics statements="26" coveredstatements="16" conditionals="37" coveredconditionals="18" methods="16" coveredmethods="7"/>
        <file name="SignUpAction.js" path="C:\Users\LJ\Desktop\reactsamplea\src\signup\SignUpAction.js">
          <metrics statements="10" coveredstatements="4" conditionals="4" coveredconditionals="3" methods="5" coveredmethods="1"/>
          <line num="1" count="1" type="stmt"/>
          <line num="2" count="1" type="stmt"/>
          <line num="4" count="1" type="cond" truecount="3" falsecount="1"/>
          <line num="6" count="1" type="stmt"/>
          <line num="9" count="0" type="stmt"/>
          <line num="10" count="0" type="stmt"/>
          <line num="11" count="0" type="stmt"/>
          <line num="14" count="0" type="stmt"/>
          <line num="15" count="0" type="stmt"/>
          <line num="19" count="0" type="stmt"/>
        </file>
        <file name="SignUpComponant.js" path="C:\Users\LJ\Desktop\reactsamplea\src\signup\SignUpComponant.js">
          <metrics statements="16" coveredstatements="12" conditionals="33" coveredconditionals="15" methods="11" coveredmethods="6"/>
          <line num="1" count="1" type="cond" truecount="5" falsecount="3"/>
          <line num="2" count="1" type="stmt"/>
          <line num="3" count="1" type="stmt"/>
          <line num="4" count="1" type="stmt"/>
          <line num="5" count="1" type="stmt"/>
          <line num="6" count="1" type="stmt"/>
          <line num="7" count="1" type="stmt"/>
          <line num="8" count="1" type="stmt"/>
          <line num="10" count="2" type="cond" truecount="10" falsecount="13"/>
          <line num="12" count="1" type="cond" truecount="0" falsecount="2"/>
          <line num="16" count="0" type="stmt"/>
          <line num="18" count="0" type="stmt"/>
          <line num="19" count="1" type="stmt"/>
          <line num="22" count="0" type="stmt"/>
          <line num="23" count="0" type="stmt"/>
          <line num="90" count="1" type="stmt"/>
        </file>
      </package>
    </metrics>
  </project>
</coverage>
