{"C:\\Users\\LJ\\Desktop\\reactsamplea\\src\\setupTests.js": {"path":"C:\\Users\\LJ\\Desktop\\reactsamplea\\src\\setupTests.js","statementMap":{"0":{"start":{"line":1,"column":27},"end":{"line":1,"column":44}},"1":{"start":{"line":1,"column":60},"end":{"line":1,"column":91}},"2":{"start":{"line":3,"column":26},"end":{"line":3,"column":60}},"3":{"start":{"line":3,"column":88},"end":{"line":3,"column":131}},"4":{"start":{"line":3,"column":170},"end":{"line":3,"column":224}},"5":{"start":{"line":5,"column":0},"end":{"line":7,"column":35}},"6":{"start":{"line":9,"column":23},"end":{"line":25,"column":3}},"7":{"start":{"line":10,"column":14},"end":{"line":10,"column":16}},"8":{"start":{"line":11,"column":2},"end":{"line":23,"column":8}},"9":{"start":{"line":13,"column":6},"end":{"line":13,"column":24}},"10":{"start":{"line":16,"column":6},"end":{"line":16,"column":36}},"11":{"start":{"line":19,"column":6},"end":{"line":19,"column":17}},"12":{"start":{"line":22,"column":6},"end":{"line":22,"column":24}},"13":{"start":{"line":26,"column":0},"end":{"line":26,"column":75}}},"fnMap":{"0":{"name":"_interopRequireDefault","decl":{"start":{"line":3,"column":141},"end":{"line":3,"column":163}},"loc":{"start":{"line":3,"column":169},"end":{"line":3,"column":225}},"line":3},"1":{"name":"(anonymous_1)","decl":{"start":{"line":9,"column":23},"end":{"line":9,"column":24}},"loc":{"start":{"line":9,"column":35},"end":{"line":25,"column":1}},"line":9},"2":{"name":"getItem","decl":{"start":{"line":12,"column":22},"end":{"line":12,"column":29}},"loc":{"start":{"line":12,"column":35},"end":{"line":14,"column":5}},"line":12},"3":{"name":"setItem","decl":{"start":{"line":15,"column":22},"end":{"line":15,"column":29}},"loc":{"start":{"line":15,"column":42},"end":{"line":17,"column":5}},"line":15},"4":{"name":"clear","decl":{"start":{"line":18,"column":20},"end":{"line":18,"column":25}},"loc":{"start":{"line":18,"column":28},"end":{"line":20,"column":5}},"line":18},"5":{"name":"removeItem","decl":{"start":{"line":21,"column":25},"end":{"line":21,"column":35}},"loc":{"start":{"line":21,"column":41},"end":{"line":23,"column":5}},"line":21}},"branchMap":{"0":{"loc":{"start":{"line":3,"column":177},"end":{"line":3,"column":223}},"type":"cond-expr","locations":[{"start":{"line":3,"column":201},"end":{"line":3,"column":204}},{"start":{"line":3,"column":207},"end":{"line":3,"column":223}}],"line":3},"1":{"loc":{"start":{"line":3,"column":177},"end":{"line":3,"column":198}},"type":"binary-expr","locations":[{"start":{"line":3,"column":177},"end":{"line":3,"column":180}},{"start":{"line":3,"column":184},"end":{"line":3,"column":198}}],"line":3}},"s":{"0":8,"1":8,"2":8,"3":8,"4":16,"5":8,"6":8,"7":8,"8":8,"9":3,"10":2,"11":0,"12":0,"13":8},"f":{"0":16,"1":8,"2":3,"3":2,"4":0,"5":0},"b":{"0":[0,16],"1":[16,16]},"_coverageSchema":"332fd63041d2c1bcb487cc26dd0d5f7d97098a6c","hash":"f575010fb24ff010dad7d17407cbdc6afe25356d"}
,"C:\\Users\\LJ\\Desktop\\reactsamplea\\src\\Gallery\\ImagesReducer.js": {"path":"C:\\Users\\LJ\\Desktop\\reactsamplea\\src\\Gallery\\ImagesReducer.js","statementMap":{"0":{"start":{"line":1,"column":13},"end":{"line":1,"column":75}},"1":{"start":{"line":1,"column":88},"end":{"line":1,"column":104}},"2":{"start":{"line":1,"column":119},"end":{"line":1,"column":149}},"3":{"start":{"line":1,"column":188},"end":{"line":1,"column":242}},"4":{"start":{"line":4,"column":20},"end":{"line":24,"column":1}},"5":{"start":{"line":5,"column":13},"end":{"line":5,"column":83}},"6":{"start":{"line":5,"column":97},"end":{"line":5,"column":109}},"7":{"start":{"line":6,"column":4},"end":{"line":22,"column":26}},"8":{"start":{"line":9,"column":12},"end":{"line":9,"column":74}},"9":{"start":{"line":10,"column":12},"end":{"line":10,"column":68}},"10":{"start":{"line":11,"column":12},"end":{"line":11,"column":25}},"11":{"start":{"line":15,"column":12},"end":{"line":15,"column":42}},"12":{"start":{"line":16,"column":12},"end":{"line":16,"column":90}},"13":{"start":{"line":16,"column":49},"end":{"line":16,"column":87}},"14":{"start":{"line":17,"column":12},"end":{"line":17,"column":68}},"15":{"start":{"line":18,"column":12},"end":{"line":18,"column":25}},"16":{"start":{"line":20,"column":12},"end":{"line":20,"column":70}},"17":{"start":{"line":22,"column":12},"end":{"line":22,"column":25}},"18":{"start":{"line":24,"column":2},"end":{"line":25,"column":14}}},"fnMap":{"0":{"name":"_interopRequireDefault","decl":{"start":{"line":1,"column":159},"end":{"line":1,"column":181}},"loc":{"start":{"line":1,"column":187},"end":{"line":1,"column":243}},"line":1},"1":{"name":"imagesReducer","decl":{"start":{"line":4,"column":29},"end":{"line":4,"column":42}},"loc":{"start":{"line":5,"column":0},"end":{"line":24,"column":1}},"line":5},"2":{"name":"(anonymous_2)","decl":{"start":{"line":16,"column":33},"end":{"line":16,"column":34}},"loc":{"start":{"line":16,"column":48},"end":{"line":16,"column":88}},"line":16}},"branchMap":{"0":{"loc":{"start":{"line":1,"column":195},"end":{"line":1,"column":241}},"type":"cond-expr","locations":[{"start":{"line":1,"column":219},"end":{"line":1,"column":222}},{"start":{"line":1,"column":225},"end":{"line":1,"column":241}}],"line":1},"1":{"loc":{"start":{"line":1,"column":195},"end":{"line":1,"column":216}},"type":"binary-expr","locations":[{"start":{"line":1,"column":195},"end":{"line":1,"column":198}},{"start":{"line":1,"column":202},"end":{"line":1,"column":216}}],"line":1},"2":{"loc":{"start":{"line":5,"column":13},"end":{"line":5,"column":83}},"type":"cond-expr","locations":[{"start":{"line":5,"column":66},"end":{"line":5,"column":78}},{"start":{"line":5,"column":81},"end":{"line":5,"column":83}}],"line":5},"3":{"loc":{"start":{"line":5,"column":13},"end":{"line":5,"column":63}},"type":"binary-expr","locations":[{"start":{"line":5,"column":13},"end":{"line":5,"column":33}},{"start":{"line":5,"column":37},"end":{"line":5,"column":63}}],"line":5},"4":{"loc":{"start":{"line":6,"column":4},"end":{"line":22,"column":26}},"type":"switch","locations":[{"start":{"line":8,"column":8},"end":{"line":11,"column":25}},{"start":{"line":14,"column":8},"end":{"line":18,"column":25}},{"start":{"line":19,"column":8},"end":{"line":20,"column":70}},{"start":{"line":21,"column":8},"end":{"line":22,"column":25}}],"line":6},"5":{"loc":{"start":{"line":9,"column":12},"end":{"line":9,"column":73}},"type":"cond-expr","locations":[{"start":{"line":9,"column":20},"end":{"line":9,"column":46}},{"start":{"line":9,"column":49},"end":{"line":9,"column":73}}],"line":9},"6":{"loc":{"start":{"line":20,"column":19},"end":{"line":20,"column":69}},"type":"cond-expr","locations":[{"start":{"line":20,"column":39},"end":{"line":20,"column":61}},{"start":{"line":20,"column":64},"end":{"line":20,"column":69}}],"line":20}},"s":{"0":1,"1":1,"2":1,"3":1,"4":1,"5":3,"6":3,"7":3,"8":1,"9":1,"10":1,"11":1,"12":1,"13":2,"14":1,"15":1,"16":0,"17":1,"18":1},"f":{"0":1,"1":3,"2":2},"b":{"0":[1,0],"1":[1,1],"2":[1,2],"3":[3,3],"4":[1,1,0,1],"5":[1,0],"6":[0,0]},"_coverageSchema":"332fd63041d2c1bcb487cc26dd0d5f7d97098a6c","hash":"2bcab791df88f71d73f8cb0613f90fa985005904"}
,"C:\\Users\\LJ\\Desktop\\reactsamplea\\src\\app\\Constants.js": {"path":"C:\\Users\\LJ\\Desktop\\reactsamplea\\src\\app\\Constants.js","statementMap":{"0":{"start":{"line":1,"column":13},"end":{"line":1,"column":75}},"1":{"start":{"line":2,"column":9},"end":{"line":2,"column":50}},"2":{"start":{"line":9,"column":15},"end":{"line":9,"column":128}},"3":{"start":{"line":9,"column":60},"end":{"line":9,"column":127}},"4":{"start":{"line":11,"column":16},"end":{"line":12,"column":93}},"5":{"start":{"line":11,"column":61},"end":{"line":12,"column":92}},"6":{"start":{"line":11,"column":86},"end":{"line":12,"column":90}},"7":{"start":{"line":14,"column":18},"end":{"line":14,"column":53}},"8":{"start":{"line":16,"column":16},"end":{"line":17,"column":93}},"9":{"start":{"line":16,"column":61},"end":{"line":17,"column":92}},"10":{"start":{"line":16,"column":86},"end":{"line":17,"column":90}},"11":{"start":{"line":19,"column":17},"end":{"line":19,"column":50}},"12":{"start":{"line":20,"column":17},"end":{"line":20,"column":50}},"13":{"start":{"line":22,"column":13},"end":{"line":23,"column":69}},"14":{"start":{"line":22,"column":54},"end":{"line":23,"column":68}},"15":{"start":{"line":25,"column":15},"end":{"line":26,"column":71}},"16":{"start":{"line":25,"column":58},"end":{"line":26,"column":70}},"17":{"start":{"line":25,"column":83},"end":{"line":26,"column":68}},"18":{"start":{"line":28,"column":16},"end":{"line":29,"column":59}},"19":{"start":{"line":28,"column":63},"end":{"line":29,"column":58}},"20":{"start":{"line":31,"column":17},"end":{"line":31,"column":50}},"21":{"start":{"line":33,"column":12},"end":{"line":36,"column":16}},"22":{"start":{"line":33,"column":51},"end":{"line":36,"column":15}},"23":{"start":{"line":38,"column":15},"end":{"line":41,"column":16}},"24":{"start":{"line":38,"column":60},"end":{"line":41,"column":15}},"25":{"start":{"line":43,"column":10},"end":{"line":46,"column":16}},"26":{"start":{"line":43,"column":45},"end":{"line":46,"column":15}},"27":{"start":{"line":48,"column":19},"end":{"line":51,"column":16}},"28":{"start":{"line":48,"column":72},"end":{"line":51,"column":15}},"29":{"start":{"line":53,"column":17},"end":{"line":54,"column":84}},"30":{"start":{"line":53,"column":66},"end":{"line":54,"column":83}},"31":{"start":{"line":56,"column":18},"end":{"line":59,"column":16}},"32":{"start":{"line":56,"column":69},"end":{"line":59,"column":15}}},"fnMap":{"0":{"name":"required","decl":{"start":{"line":9,"column":43},"end":{"line":9,"column":51}},"loc":{"start":{"line":9,"column":59},"end":{"line":9,"column":128}},"line":9},"1":{"name":"maxLength","decl":{"start":{"line":11,"column":45},"end":{"line":11,"column":54}},"loc":{"start":{"line":11,"column":60},"end":{"line":12,"column":93}},"line":11},"2":{"name":"(anonymous_2)","decl":{"start":{"line":11,"column":68},"end":{"line":11,"column":69}},"loc":{"start":{"line":11,"column":85},"end":{"line":12,"column":91}},"line":11},"3":{"name":"minLength","decl":{"start":{"line":16,"column":45},"end":{"line":16,"column":54}},"loc":{"start":{"line":16,"column":60},"end":{"line":17,"column":93}},"line":16},"4":{"name":"(anonymous_4)","decl":{"start":{"line":16,"column":68},"end":{"line":16,"column":69}},"loc":{"start":{"line":16,"column":85},"end":{"line":17,"column":91}},"line":16},"5":{"name":"number","decl":{"start":{"line":22,"column":39},"end":{"line":22,"column":45}},"loc":{"start":{"line":22,"column":53},"end":{"line":23,"column":69}},"line":22},"6":{"name":"minValue","decl":{"start":{"line":25,"column":43},"end":{"line":25,"column":51}},"loc":{"start":{"line":25,"column":57},"end":{"line":26,"column":71}},"line":25},"7":{"name":"(anonymous_7)","decl":{"start":{"line":25,"column":65},"end":{"line":25,"column":66}},"loc":{"start":{"line":25,"column":82},"end":{"line":26,"column":69}},"line":25},"8":{"name":"minValue1","decl":{"start":{"line":28,"column":45},"end":{"line":28,"column":54}},"loc":{"start":{"line":28,"column":62},"end":{"line":29,"column":59}},"line":28},"9":{"name":"email","decl":{"start":{"line":33,"column":37},"end":{"line":33,"column":42}},"loc":{"start":{"line":33,"column":50},"end":{"line":36,"column":16}},"line":33},"10":{"name":"tooYoung","decl":{"start":{"line":38,"column":43},"end":{"line":38,"column":51}},"loc":{"start":{"line":38,"column":59},"end":{"line":41,"column":16}},"line":38},"11":{"name":"aol","decl":{"start":{"line":43,"column":33},"end":{"line":43,"column":36}},"loc":{"start":{"line":43,"column":44},"end":{"line":46,"column":16}},"line":43},"12":{"name":"alphaNumeric","decl":{"start":{"line":48,"column":51},"end":{"line":48,"column":63}},"loc":{"start":{"line":48,"column":71},"end":{"line":51,"column":16}},"line":48},"13":{"name":"alphabetic","decl":{"start":{"line":53,"column":47},"end":{"line":53,"column":57}},"loc":{"start":{"line":53,"column":65},"end":{"line":54,"column":84}},"line":53},"14":{"name":"phoneNumber","decl":{"start":{"line":56,"column":49},"end":{"line":56,"column":60}},"loc":{"start":{"line":56,"column":68},"end":{"line":59,"column":16}},"line":56}},"branchMap":{"0":{"loc":{"start":{"line":9,"column":67},"end":{"line":9,"column":126}},"type":"cond-expr","locations":[{"start":{"line":9,"column":104},"end":{"line":9,"column":113}},{"start":{"line":9,"column":116},"end":{"line":9,"column":126}}],"line":9},"1":{"loc":{"start":{"line":9,"column":67},"end":{"line":9,"column":101}},"type":"binary-expr","locations":[{"start":{"line":9,"column":67},"end":{"line":9,"column":72}},{"start":{"line":9,"column":76},"end":{"line":9,"column":101}}],"line":9},"2":{"loc":{"start":{"line":12,"column":6},"end":{"line":12,"column":88}},"type":"cond-expr","locations":[{"start":{"line":12,"column":36},"end":{"line":12,"column":76}},{"start":{"line":12,"column":79},"end":{"line":12,"column":88}}],"line":12},"3":{"loc":{"start":{"line":12,"column":6},"end":{"line":12,"column":33}},"type":"binary-expr","locations":[{"start":{"line":12,"column":6},"end":{"line":12,"column":11}},{"start":{"line":12,"column":15},"end":{"line":12,"column":33}}],"line":12},"4":{"loc":{"start":{"line":17,"column":6},"end":{"line":17,"column":88}},"type":"cond-expr","locations":[{"start":{"line":17,"column":36},"end":{"line":17,"column":76}},{"start":{"line":17,"column":79},"end":{"line":17,"column":88}}],"line":17},"5":{"loc":{"start":{"line":17,"column":6},"end":{"line":17,"column":33}},"type":"binary-expr","locations":[{"start":{"line":17,"column":6},"end":{"line":17,"column":11}},{"start":{"line":17,"column":15},"end":{"line":17,"column":33}}],"line":17},"6":{"loc":{"start":{"line":23,"column":4},"end":{"line":23,"column":66}},"type":"cond-expr","locations":[{"start":{"line":23,"column":36},"end":{"line":23,"column":54}},{"start":{"line":23,"column":57},"end":{"line":23,"column":66}}],"line":23},"7":{"loc":{"start":{"line":23,"column":4},"end":{"line":23,"column":33}},"type":"binary-expr","locations":[{"start":{"line":23,"column":4},"end":{"line":23,"column":9}},{"start":{"line":23,"column":13},"end":{"line":23,"column":33}}],"line":23},"8":{"loc":{"start":{"line":26,"column":6},"end":{"line":26,"column":66}},"type":"cond-expr","locations":[{"start":{"line":26,"column":29},"end":{"line":26,"column":54}},{"start":{"line":26,"column":57},"end":{"line":26,"column":66}}],"line":26},"9":{"loc":{"start":{"line":26,"column":6},"end":{"line":26,"column":26}},"type":"binary-expr","locations":[{"start":{"line":26,"column":6},"end":{"line":26,"column":11}},{"start":{"line":26,"column":15},"end":{"line":26,"column":26}}],"line":26},"10":{"loc":{"start":{"line":29,"column":4},"end":{"line":29,"column":56}},"type":"cond-expr","locations":[{"start":{"line":29,"column":33},"end":{"line":29,"column":44}},{"start":{"line":29,"column":47},"end":{"line":29,"column":56}}],"line":29},"11":{"loc":{"start":{"line":29,"column":4},"end":{"line":29,"column":30}},"type":"binary-expr","locations":[{"start":{"line":29,"column":4},"end":{"line":29,"column":9}},{"start":{"line":29,"column":13},"end":{"line":29,"column":30}}],"line":29},"12":{"loc":{"start":{"line":34,"column":4},"end":{"line":36,"column":13}},"type":"cond-expr","locations":[{"start":{"line":35,"column":4},"end":{"line":35,"column":27}},{"start":{"line":36,"column":4},"end":{"line":36,"column":13}}],"line":34},"13":{"loc":{"start":{"line":34,"column":4},"end":{"line":34,"column":69}},"type":"binary-expr","locations":[{"start":{"line":34,"column":4},"end":{"line":34,"column":9}},{"start":{"line":34,"column":13},"end":{"line":34,"column":69}}],"line":34},"14":{"loc":{"start":{"line":39,"column":4},"end":{"line":41,"column":13}},"type":"cond-expr","locations":[{"start":{"line":40,"column":4},"end":{"line":40,"column":50}},{"start":{"line":41,"column":4},"end":{"line":41,"column":13}}],"line":39},"15":{"loc":{"start":{"line":39,"column":4},"end":{"line":39,"column":23}},"type":"binary-expr","locations":[{"start":{"line":39,"column":4},"end":{"line":39,"column":9}},{"start":{"line":39,"column":13},"end":{"line":39,"column":23}}],"line":39},"16":{"loc":{"start":{"line":44,"column":4},"end":{"line":46,"column":13}},"type":"cond-expr","locations":[{"start":{"line":45,"column":4},"end":{"line":45,"column":47}},{"start":{"line":46,"column":4},"end":{"line":46,"column":13}}],"line":44},"17":{"loc":{"start":{"line":44,"column":4},"end":{"line":44,"column":38}},"type":"binary-expr","locations":[{"start":{"line":44,"column":4},"end":{"line":44,"column":9}},{"start":{"line":44,"column":13},"end":{"line":44,"column":38}}],"line":44},"18":{"loc":{"start":{"line":49,"column":4},"end":{"line":51,"column":13}},"type":"cond-expr","locations":[{"start":{"line":50,"column":4},"end":{"line":50,"column":34}},{"start":{"line":51,"column":4},"end":{"line":51,"column":13}}],"line":49},"19":{"loc":{"start":{"line":49,"column":4},"end":{"line":49,"column":41}},"type":"binary-expr","locations":[{"start":{"line":49,"column":4},"end":{"line":49,"column":9}},{"start":{"line":49,"column":13},"end":{"line":49,"column":41}}],"line":49},"20":{"loc":{"start":{"line":54,"column":4},"end":{"line":54,"column":81}},"type":"cond-expr","locations":[{"start":{"line":54,"column":41},"end":{"line":54,"column":69}},{"start":{"line":54,"column":72},"end":{"line":54,"column":81}}],"line":54},"21":{"loc":{"start":{"line":54,"column":4},"end":{"line":54,"column":38}},"type":"binary-expr","locations":[{"start":{"line":54,"column":4},"end":{"line":54,"column":9}},{"start":{"line":54,"column":13},"end":{"line":54,"column":38}}],"line":54},"22":{"loc":{"start":{"line":57,"column":4},"end":{"line":59,"column":13}},"type":"cond-expr","locations":[{"start":{"line":58,"column":4},"end":{"line":58,"column":45}},{"start":{"line":59,"column":4},"end":{"line":59,"column":13}}],"line":57},"23":{"loc":{"start":{"line":57,"column":4},"end":{"line":57,"column":48}},"type":"binary-expr","locations":[{"start":{"line":57,"column":4},"end":{"line":57,"column":9}},{"start":{"line":57,"column":13},"end":{"line":57,"column":48}}],"line":57}},"s":{"0":5,"1":5,"2":5,"3":0,"4":5,"5":5,"6":0,"7":5,"8":5,"9":10,"10":0,"11":5,"12":5,"13":5,"14":0,"15":5,"16":5,"17":0,"18":5,"19":0,"20":5,"21":5,"22":0,"23":5,"24":0,"25":5,"26":0,"27":5,"28":0,"29":5,"30":0,"31":5,"32":0},"f":{"0":0,"1":5,"2":0,"3":10,"4":0,"5":0,"6":5,"7":0,"8":0,"9":0,"10":0,"11":0,"12":0,"13":0,"14":0},"b":{"0":[0,0],"1":[0,0],"2":[0,0],"3":[0,0],"4":[0,0],"5":[0,0],"6":[0,0],"7":[0,0],"8":[0,0],"9":[0,0],"10":[0,0],"11":[0,0],"12":[0,0],"13":[0,0],"14":[0,0],"15":[0,0],"16":[0,0],"17":[0,0],"18":[0,0],"19":[0,0],"20":[0,0],"21":[0,0],"22":[0,0],"23":[0,0]},"_coverageSchema":"332fd63041d2c1bcb487cc26dd0d5f7d97098a6c","hash":"ba7f4aeaedc9abab41fc9be3455d0fd6f94fed8f"}
,"C:\\Users\\LJ\\Desktop\\reactsamplea\\src\\app\\RenderField.js": {"path":"C:\\Users\\LJ\\Desktop\\reactsamplea\\src\\app\\RenderField.js","statementMap":{"0":{"start":{"line":1,"column":13},"end":{"line":1,"column":75}},"1":{"start":{"line":1,"column":90},"end":{"line":1,"column":321}},"2":{"start":{"line":1,"column":126},"end":{"line":1,"column":306}},"3":{"start":{"line":1,"column":183},"end":{"line":1,"column":195}},"4":{"start":{"line":1,"column":196},"end":{"line":1,"column":305}},"5":{"start":{"line":1,"column":221},"end":{"line":1,"column":304}},"6":{"start":{"line":1,"column":277},"end":{"line":1,"column":303}},"7":{"start":{"line":1,"column":306},"end":{"line":1,"column":320}},"8":{"start":{"line":1,"column":335},"end":{"line":1,"column":351}},"9":{"start":{"line":1,"column":366},"end":{"line":1,"column":396}},"10":{"start":{"line":1,"column":435},"end":{"line":1,"column":489}},"11":{"start":{"line":3,"column":18},"end":{"line":9,"column":74}},"12":{"start":{"line":3,"column":58},"end":{"line":3,"column":68}},"13":{"start":{"line":3,"column":83},"end":{"line":3,"column":99}},"14":{"start":{"line":3,"column":107},"end":{"line":3,"column":116}},"15":{"start":{"line":3,"column":129},"end":{"line":3,"column":138}},"16":{"start":{"line":3,"column":149},"end":{"line":3,"column":166}},"17":{"start":{"line":3,"column":175},"end":{"line":3,"column":190}},"18":{"start":{"line":3,"column":201},"end":{"line":3,"column":218}},"19":{"start":{"line":3,"column":219},"end":{"line":9,"column":73}},"20":{"start":{"line":9,"column":75},"end":{"line":12,"column":12}}},"fnMap":{"0":{"name":"(anonymous_0)","decl":{"start":{"line":1,"column":107},"end":{"line":1,"column":108}},"loc":{"start":{"line":1,"column":125},"end":{"line":1,"column":321}},"line":1},"1":{"name":"_interopRequireDefault","decl":{"start":{"line":1,"column":406},"end":{"line":1,"column":428}},"loc":{"start":{"line":1,"column":434},"end":{"line":1,"column":490}},"line":1},"2":{"name":"renderField","decl":{"start":{"line":3,"column":27},"end":{"line":3,"column":38}},"loc":{"start":{"line":3,"column":45},"end":{"line":9,"column":74}},"line":3}},"branchMap":{"0":{"loc":{"start":{"line":1,"column":90},"end":{"line":1,"column":321}},"type":"binary-expr","locations":[{"start":{"line":1,"column":90},"end":{"line":1,"column":103}},{"start":{"line":1,"column":107},"end":{"line":1,"column":321}}],"line":1},"1":{"loc":{"start":{"line":1,"column":221},"end":{"line":1,"column":304}},"type":"if","locations":[{"start":{"line":1,"column":221},"end":{"line":1,"column":304}},{"start":{"line":1,"column":221},"end":{"line":1,"column":304}}],"line":1},"2":{"loc":{"start":{"line":1,"column":442},"end":{"line":1,"column":488}},"type":"cond-expr","locations":[{"start":{"line":1,"column":466},"end":{"line":1,"column":469}},{"start":{"line":1,"column":472},"end":{"line":1,"column":488}}],"line":1},"3":{"loc":{"start":{"line":1,"column":442},"end":{"line":1,"column":463}},"type":"binary-expr","locations":[{"start":{"line":1,"column":442},"end":{"line":1,"column":445}},{"start":{"line":1,"column":449},"end":{"line":1,"column":463}}],"line":1},"4":{"loc":{"start":{"line":7,"column":6},"end":{"line":9,"column":70}},"type":"binary-expr","locations":[{"start":{"line":7,"column":6},"end":{"line":7,"column":13}},{"start":{"line":8,"column":6},"end":{"line":8,"column":11}},{"start":{"line":8,"column":15},"end":{"line":8,"column":65}},{"start":{"line":9,"column":6},"end":{"line":9,"column":13}},{"start":{"line":9,"column":17},"end":{"line":9,"column":69}}],"line":7}},"s":{"0":2,"1":2,"2":0,"3":0,"4":0,"5":0,"6":0,"7":0,"8":2,"9":2,"10":2,"11":2,"12":0,"13":0,"14":0,"15":0,"16":0,"17":0,"18":0,"19":0,"20":2},"f":{"0":0,"1":2,"2":0},"b":{"0":[2,0],"1":[0,0],"2":[0,2],"3":[2,2],"4":[0,0,0,0,0]},"_coverageSchema":"332fd63041d2c1bcb487cc26dd0d5f7d97098a6c","hash":"ba4bbf0fc221be4d5b8e8621ff3555181d4a3c6f"}
,"C:\\Users\\LJ\\Desktop\\reactsamplea\\src\\expense\\expenseReducer.js": {"path":"C:\\Users\\LJ\\Desktop\\reactsamplea\\src\\expense\\expenseReducer.js","statementMap":{"0":{"start":{"line":1,"column":13},"end":{"line":1,"column":75}},"1":{"start":{"line":1,"column":90},"end":{"line":1,"column":321}},"2":{"start":{"line":1,"column":126},"end":{"line":1,"column":306}},"3":{"start":{"line":1,"column":183},"end":{"line":1,"column":195}},"4":{"start":{"line":1,"column":196},"end":{"line":1,"column":305}},"5":{"start":{"line":1,"column":221},"end":{"line":1,"column":304}},"6":{"start":{"line":1,"column":277},"end":{"line":1,"column":303}},"7":{"start":{"line":1,"column":306},"end":{"line":1,"column":320}},"8":{"start":{"line":6,"column":13},"end":{"line":6,"column":29}},"9":{"start":{"line":6,"column":44},"end":{"line":6,"column":74}},"10":{"start":{"line":6,"column":99},"end":{"line":6,"column":132}},"11":{"start":{"line":6,"column":158},"end":{"line":6,"column":199}},"12":{"start":{"line":6,"column":227},"end":{"line":6,"column":266}},"13":{"start":{"line":6,"column":295},"end":{"line":6,"column":339}},"14":{"start":{"line":6,"column":363},"end":{"line":6,"column":401}},"15":{"start":{"line":6,"column":426},"end":{"line":6,"column":466}},"16":{"start":{"line":6,"column":505},"end":{"line":6,"column":559}},"17":{"start":{"line":10,"column":21},"end":{"line":36,"column":1}},"18":{"start":{"line":11,"column":13},"end":{"line":11,"column":83}},"19":{"start":{"line":11,"column":97},"end":{"line":11,"column":109}},"20":{"start":{"line":13,"column":4},"end":{"line":34,"column":26}},"21":{"start":{"line":17,"column":12},"end":{"line":17,"column":39}},"22":{"start":{"line":18,"column":12},"end":{"line":18,"column":25}},"23":{"start":{"line":23,"column":12},"end":{"line":23,"column":84}},"24":{"start":{"line":25,"column":12},"end":{"line":25,"column":84}},"25":{"start":{"line":25,"column":46},"end":{"line":25,"column":81}},"26":{"start":{"line":28,"column":12},"end":{"line":28,"column":161}},"27":{"start":{"line":28,"column":49},"end":{"line":28,"column":158}},"28":{"start":{"line":30,"column":12},"end":{"line":30,"column":253}},"29":{"start":{"line":30,"column":43},"end":{"line":30,"column":250}},"30":{"start":{"line":34,"column":12},"end":{"line":34,"column":25}},"31":{"start":{"line":36,"column":2},"end":{"line":37,"column":15}}},"fnMap":{"0":{"name":"(anonymous_0)","decl":{"start":{"line":1,"column":107},"end":{"line":1,"column":108}},"loc":{"start":{"line":1,"column":125},"end":{"line":1,"column":321}},"line":1},"1":{"name":"_interopRequireDefault","decl":{"start":{"line":6,"column":476},"end":{"line":6,"column":498}},"loc":{"start":{"line":6,"column":504},"end":{"line":6,"column":560}},"line":6},"2":{"name":"expenseReducer","decl":{"start":{"line":10,"column":30},"end":{"line":10,"column":44}},"loc":{"start":{"line":11,"column":0},"end":{"line":36,"column":1}},"line":11},"3":{"name":"(anonymous_3)","decl":{"start":{"line":25,"column":32},"end":{"line":25,"column":33}},"loc":{"start":{"line":25,"column":45},"end":{"line":25,"column":82}},"line":25},"4":{"name":"(anonymous_4)","decl":{"start":{"line":28,"column":29},"end":{"line":28,"column":30}},"loc":{"start":{"line":28,"column":48},"end":{"line":28,"column":159}},"line":28},"5":{"name":"(anonymous_5)","decl":{"start":{"line":30,"column":29},"end":{"line":30,"column":30}},"loc":{"start":{"line":30,"column":42},"end":{"line":30,"column":251}},"line":30}},"branchMap":{"0":{"loc":{"start":{"line":1,"column":90},"end":{"line":1,"column":321}},"type":"binary-expr","locations":[{"start":{"line":1,"column":90},"end":{"line":1,"column":103}},{"start":{"line":1,"column":107},"end":{"line":1,"column":321}}],"line":1},"1":{"loc":{"start":{"line":1,"column":221},"end":{"line":1,"column":304}},"type":"if","locations":[{"start":{"line":1,"column":221},"end":{"line":1,"column":304}},{"start":{"line":1,"column":221},"end":{"line":1,"column":304}}],"line":1},"2":{"loc":{"start":{"line":6,"column":512},"end":{"line":6,"column":558}},"type":"cond-expr","locations":[{"start":{"line":6,"column":536},"end":{"line":6,"column":539}},{"start":{"line":6,"column":542},"end":{"line":6,"column":558}}],"line":6},"3":{"loc":{"start":{"line":6,"column":512},"end":{"line":6,"column":533}},"type":"binary-expr","locations":[{"start":{"line":6,"column":512},"end":{"line":6,"column":515}},{"start":{"line":6,"column":519},"end":{"line":6,"column":533}}],"line":6},"4":{"loc":{"start":{"line":11,"column":13},"end":{"line":11,"column":83}},"type":"cond-expr","locations":[{"start":{"line":11,"column":66},"end":{"line":11,"column":78}},{"start":{"line":11,"column":81},"end":{"line":11,"column":83}}],"line":11},"5":{"loc":{"start":{"line":11,"column":13},"end":{"line":11,"column":63}},"type":"binary-expr","locations":[{"start":{"line":11,"column":13},"end":{"line":11,"column":33}},{"start":{"line":11,"column":37},"end":{"line":11,"column":63}}],"line":11},"6":{"loc":{"start":{"line":13,"column":4},"end":{"line":34,"column":26}},"type":"switch","locations":[{"start":{"line":16,"column":8},"end":{"line":18,"column":25}},{"start":{"line":20,"column":8},"end":{"line":23,"column":84}},{"start":{"line":24,"column":8},"end":{"line":25,"column":84}},{"start":{"line":26,"column":8},"end":{"line":28,"column":161}},{"start":{"line":29,"column":8},"end":{"line":30,"column":253}},{"start":{"line":31,"column":8},"end":{"line":34,"column":25}}],"line":13},"7":{"loc":{"start":{"line":23,"column":19},"end":{"line":23,"column":83}},"type":"cond-expr","locations":[{"start":{"line":23,"column":39},"end":{"line":23,"column":75}},{"start":{"line":23,"column":78},"end":{"line":23,"column":83}}],"line":23},"8":{"loc":{"start":{"line":28,"column":56},"end":{"line":28,"column":157}},"type":"cond-expr","locations":[{"start":{"line":28,"column":92},"end":{"line":28,"column":147}},{"start":{"line":28,"column":150},"end":{"line":28,"column":157}}],"line":28},"9":{"loc":{"start":{"line":30,"column":50},"end":{"line":30,"column":249}},"type":"cond-expr","locations":[{"start":{"line":30,"column":83},"end":{"line":30,"column":245}},{"start":{"line":30,"column":248},"end":{"line":30,"column":249}}],"line":30}},"s":{"0":1,"1":1,"2":0,"3":0,"4":0,"5":0,"6":0,"7":0,"8":1,"9":1,"10":1,"11":1,"12":1,"13":1,"14":1,"15":1,"16":4,"17":1,"18":5,"19":5,"20":5,"21":2,"22":2,"23":0,"24":1,"25":2,"26":0,"27":0,"28":1,"29":2,"30":1,"31":1},"f":{"0":0,"1":4,"2":5,"3":2,"4":0,"5":2},"b":{"0":[1,0],"1":[0,0],"2":[4,0],"3":[4,4],"4":[3,2],"5":[5,5],"6":[2,0,1,0,1,1],"7":[0,0],"8":[0,0],"9":[1,1]},"_coverageSchema":"332fd63041d2c1bcb487cc26dd0d5f7d97098a6c","hash":"f0099432cbcad59eefa7c558a2089d8c8cc753ed"}
,"C:\\Users\\LJ\\Desktop\\reactsamplea\\src\\expense\\add\\AddExpenseAction.js": {"path":"C:\\Users\\LJ\\Desktop\\reactsamplea\\src\\expense\\add\\AddExpenseAction.js","statementMap":{"0":{"start":{"line":1,"column":13},"end":{"line":1,"column":75}},"1":{"start":{"line":1,"column":75},"end":{"line":1,"column":128}},"2":{"start":{"line":1,"column":141},"end":{"line":1,"column":157}},"3":{"start":{"line":1,"column":172},"end":{"line":1,"column":202}},"4":{"start":{"line":2,"column":21},"end":{"line":2,"column":46}},"5":{"start":{"line":3,"column":17},"end":{"line":3,"column":47}},"6":{"start":{"line":3,"column":86},"end":{"line":3,"column":140}},"7":{"start":{"line":4,"column":18},"end":{"line":4,"column":53}},"8":{"start":{"line":5,"column":17},"end":{"line":30,"column":1}},"9":{"start":{"line":6,"column":15},"end":{"line":10,"column":29}},"10":{"start":{"line":13,"column":14},"end":{"line":13,"column":83}},"11":{"start":{"line":14,"column":4},"end":{"line":28,"column":6}},"12":{"start":{"line":15,"column":8},"end":{"line":27,"column":11}},"13":{"start":{"line":17,"column":12},"end":{"line":19,"column":42}},"14":{"start":{"line":22,"column":12},"end":{"line":22,"column":39}},"15":{"start":{"line":23,"column":12},"end":{"line":23,"column":74}},"16":{"start":{"line":26,"column":12},"end":{"line":26,"column":52}}},"fnMap":{"0":{"name":"_interopRequireDefault","decl":{"start":{"line":3,"column":57},"end":{"line":3,"column":79}},"loc":{"start":{"line":3,"column":85},"end":{"line":3,"column":141}},"line":3},"1":{"name":"addexpense","decl":{"start":{"line":5,"column":47},"end":{"line":5,"column":57}},"loc":{"start":{"line":5,"column":77},"end":{"line":30,"column":1}},"line":5},"2":{"name":"(anonymous_2)","decl":{"start":{"line":14,"column":11},"end":{"line":14,"column":12}},"loc":{"start":{"line":14,"column":31},"end":{"line":28,"column":5}},"line":14},"3":{"name":"(anonymous_3)","decl":{"start":{"line":16,"column":13},"end":{"line":16,"column":14}},"loc":{"start":{"line":16,"column":33},"end":{"line":24,"column":9}},"line":16},"4":{"name":"(anonymous_4)","decl":{"start":{"line":25,"column":14},"end":{"line":25,"column":15}},"loc":{"start":{"line":25,"column":31},"end":{"line":27,"column":9}},"line":25}},"branchMap":{"0":{"loc":{"start":{"line":3,"column":93},"end":{"line":3,"column":139}},"type":"cond-expr","locations":[{"start":{"line":3,"column":117},"end":{"line":3,"column":120}},{"start":{"line":3,"column":123},"end":{"line":3,"column":139}}],"line":3},"1":{"loc":{"start":{"line":3,"column":93},"end":{"line":3,"column":114}},"type":"binary-expr","locations":[{"start":{"line":3,"column":93},"end":{"line":3,"column":96}},{"start":{"line":3,"column":100},"end":{"line":3,"column":114}}],"line":3}},"s":{"0":1,"1":1,"2":1,"3":1,"4":1,"5":1,"6":1,"7":1,"8":1,"9":0,"10":0,"11":0,"12":0,"13":0,"14":0,"15":0,"16":0},"f":{"0":1,"1":0,"2":0,"3":0,"4":0},"b":{"0":[1,0],"1":[1,1]},"_coverageSchema":"332fd63041d2c1bcb487cc26dd0d5f7d97098a6c","hash":"edff9cb9cfbe6b7295ef5dc8e7c3e8302756e120"}
,"C:\\Users\\LJ\\Desktop\\reactsamplea\\src\\expense\\add\\try.js": {"path":"C:\\Users\\LJ\\Desktop\\reactsamplea\\src\\expense\\add\\try.js","statementMap":{"0":{"start":{"line":1,"column":13},"end":{"line":1,"column":75}},"1":{"start":{"line":1,"column":88},"end":{"line":1,"column":104}},"2":{"start":{"line":1,"column":119},"end":{"line":1,"column":149}},"3":{"start":{"line":2,"column":17},"end":{"line":2,"column":38}},"4":{"start":{"line":2,"column":77},"end":{"line":2,"column":131}},"5":{"start":{"line":5,"column":10},"end":{"line":10,"column":1}},"6":{"start":{"line":6,"column":17},"end":{"line":6,"column":35}},"7":{"start":{"line":6,"column":47},"end":{"line":6,"column":61}},"8":{"start":{"line":6,"column":70},"end":{"line":6,"column":81}},"9":{"start":{"line":6,"column":95},"end":{"line":6,"column":111}},"10":{"start":{"line":7,"column":2},"end":{"line":8,"column":74}},"11":{"start":{"line":10,"column":2},"end":{"line":12,"column":4}}},"fnMap":{"0":{"name":"_interopRequireDefault","decl":{"start":{"line":2,"column":48},"end":{"line":2,"column":70}},"loc":{"start":{"line":2,"column":76},"end":{"line":2,"column":132}},"line":2},"1":{"name":"Try","decl":{"start":{"line":5,"column":19},"end":{"line":5,"column":22}},"loc":{"start":{"line":5,"column":30},"end":{"line":10,"column":1}},"line":5}},"branchMap":{"0":{"loc":{"start":{"line":2,"column":84},"end":{"line":2,"column":130}},"type":"cond-expr","locations":[{"start":{"line":2,"column":108},"end":{"line":2,"column":111}},{"start":{"line":2,"column":114},"end":{"line":2,"column":130}}],"line":2},"1":{"loc":{"start":{"line":2,"column":84},"end":{"line":2,"column":105}},"type":"binary-expr","locations":[{"start":{"line":2,"column":84},"end":{"line":2,"column":87}},{"start":{"line":2,"column":91},"end":{"line":2,"column":105}}],"line":2}},"s":{"0":1,"1":1,"2":1,"3":1,"4":1,"5":1,"6":3,"7":3,"8":3,"9":3,"10":3,"11":1},"f":{"0":1,"1":3},"b":{"0":[0,1],"1":[1,1]},"_coverageSchema":"332fd63041d2c1bcb487cc26dd0d5f7d97098a6c","hash":"6fcb19344ab21cb59d2e3e061123800c629fedb5"}
,"C:\\Users\\LJ\\Desktop\\reactsamplea\\src\\expense\\dashboard\\DashBoardAction.js": {"path":"C:\\Users\\LJ\\Desktop\\reactsamplea\\src\\expense\\dashboard\\DashBoardAction.js","statementMap":{"0":{"start":{"line":1,"column":13},"end":{"line":1,"column":75}},"1":{"start":{"line":1,"column":75},"end":{"line":1,"column":136}},"2":{"start":{"line":1,"column":149},"end":{"line":1,"column":165}},"3":{"start":{"line":1,"column":180},"end":{"line":1,"column":210}},"4":{"start":{"line":2,"column":17},"end":{"line":2,"column":47}},"5":{"start":{"line":2,"column":86},"end":{"line":2,"column":140}},"6":{"start":{"line":3,"column":22},"end":{"line":3,"column":65}},"7":{"start":{"line":4,"column":21},"end":{"line":17,"column":1}},"8":{"start":{"line":5,"column":14},"end":{"line":5,"column":83}},"9":{"start":{"line":6,"column":4},"end":{"line":15,"column":6}},"10":{"start":{"line":7,"column":8},"end":{"line":14,"column":58}},"11":{"start":{"line":9,"column":12},"end":{"line":11,"column":42}},"12":{"start":{"line":14,"column":32},"end":{"line":14,"column":55}}},"fnMap":{"0":{"name":"_interopRequireDefault","decl":{"start":{"line":2,"column":57},"end":{"line":2,"column":79}},"loc":{"start":{"line":2,"column":85},"end":{"line":2,"column":141}},"line":2},"1":{"name":"displayExpense","decl":{"start":{"line":4,"column":55},"end":{"line":4,"column":69}},"loc":{"start":{"line":4,"column":72},"end":{"line":17,"column":1}},"line":4},"2":{"name":"(anonymous_2)","decl":{"start":{"line":6,"column":11},"end":{"line":6,"column":12}},"loc":{"start":{"line":6,"column":31},"end":{"line":15,"column":5}},"line":6},"3":{"name":"(anonymous_3)","decl":{"start":{"line":8,"column":13},"end":{"line":8,"column":14}},"loc":{"start":{"line":8,"column":33},"end":{"line":13,"column":9}},"line":8},"4":{"name":"(anonymous_4)","decl":{"start":{"line":14,"column":14},"end":{"line":14,"column":15}},"loc":{"start":{"line":14,"column":31},"end":{"line":14,"column":56}},"line":14}},"branchMap":{"0":{"loc":{"start":{"line":2,"column":93},"end":{"line":2,"column":139}},"type":"cond-expr","locations":[{"start":{"line":2,"column":117},"end":{"line":2,"column":120}},{"start":{"line":2,"column":123},"end":{"line":2,"column":139}}],"line":2},"1":{"loc":{"start":{"line":2,"column":93},"end":{"line":2,"column":114}},"type":"binary-expr","locations":[{"start":{"line":2,"column":93},"end":{"line":2,"column":96}},{"start":{"line":2,"column":100},"end":{"line":2,"column":114}}],"line":2}},"s":{"0":4,"1":4,"2":4,"3":4,"4":4,"5":4,"6":4,"7":4,"8":0,"9":0,"10":0,"11":0,"12":0},"f":{"0":4,"1":0,"2":0,"3":0,"4":0},"b":{"0":[4,0],"1":[4,4]},"_coverageSchema":"332fd63041d2c1bcb487cc26dd0d5f7d97098a6c","hash":"cc1b3ad1e34386f36b235e12c42cb010a802a4fb"}
,"C:\\Users\\LJ\\Desktop\\reactsamplea\\src\\expense\\delete\\DeleteExpenseAction.js": {"path":"C:\\Users\\LJ\\Desktop\\reactsamplea\\src\\expense\\delete\\DeleteExpenseAction.js","statementMap":{"0":{"start":{"line":1,"column":13},"end":{"line":1,"column":75}},"1":{"start":{"line":1,"column":75},"end":{"line":1,"column":135}},"2":{"start":{"line":1,"column":148},"end":{"line":1,"column":164}},"3":{"start":{"line":1,"column":179},"end":{"line":1,"column":209}},"4":{"start":{"line":2,"column":21},"end":{"line":2,"column":46}},"5":{"start":{"line":3,"column":17},"end":{"line":3,"column":47}},"6":{"start":{"line":3,"column":86},"end":{"line":3,"column":140}},"7":{"start":{"line":5,"column":22},"end":{"line":5,"column":65}},"8":{"start":{"line":6,"column":20},"end":{"line":23,"column":1}},"9":{"start":{"line":8,"column":14},"end":{"line":8,"column":95}},"10":{"start":{"line":9,"column":4},"end":{"line":21,"column":6}},"11":{"start":{"line":10,"column":8},"end":{"line":20,"column":11}},"12":{"start":{"line":12,"column":12},"end":{"line":14,"column":31}},"13":{"start":{"line":16,"column":12},"end":{"line":16,"column":52}},"14":{"start":{"line":19,"column":12},"end":{"line":19,"column":58}}},"fnMap":{"0":{"name":"_interopRequireDefault","decl":{"start":{"line":3,"column":57},"end":{"line":3,"column":79}},"loc":{"start":{"line":3,"column":85},"end":{"line":3,"column":141}},"line":3},"1":{"name":"deleteExpense","decl":{"start":{"line":6,"column":53},"end":{"line":6,"column":66}},"loc":{"start":{"line":6,"column":71},"end":{"line":23,"column":1}},"line":6},"2":{"name":"(anonymous_2)","decl":{"start":{"line":9,"column":11},"end":{"line":9,"column":12}},"loc":{"start":{"line":9,"column":31},"end":{"line":21,"column":5}},"line":9},"3":{"name":"(anonymous_3)","decl":{"start":{"line":11,"column":13},"end":{"line":11,"column":14}},"loc":{"start":{"line":11,"column":33},"end":{"line":17,"column":9}},"line":11},"4":{"name":"(anonymous_4)","decl":{"start":{"line":18,"column":14},"end":{"line":18,"column":15}},"loc":{"start":{"line":18,"column":31},"end":{"line":20,"column":9}},"line":18}},"branchMap":{"0":{"loc":{"start":{"line":3,"column":93},"end":{"line":3,"column":139}},"type":"cond-expr","locations":[{"start":{"line":3,"column":117},"end":{"line":3,"column":120}},{"start":{"line":3,"column":123},"end":{"line":3,"column":139}}],"line":3},"1":{"loc":{"start":{"line":3,"column":93},"end":{"line":3,"column":114}},"type":"binary-expr","locations":[{"start":{"line":3,"column":93},"end":{"line":3,"column":96}},{"start":{"line":3,"column":100},"end":{"line":3,"column":114}}],"line":3}},"s":{"0":1,"1":1,"2":1,"3":1,"4":1,"5":1,"6":1,"7":1,"8":1,"9":0,"10":0,"11":0,"12":0,"13":0,"14":0},"f":{"0":1,"1":0,"2":0,"3":0,"4":0},"b":{"0":[1,0],"1":[1,1]},"_coverageSchema":"332fd63041d2c1bcb487cc26dd0d5f7d97098a6c","hash":"08d7da2bf9c08b159fe38150ffe2783e163510c3"}
,"C:\\Users\\LJ\\Desktop\\reactsamplea\\src\\login\\LoginAction.js": {"path":"C:\\Users\\LJ\\Desktop\\reactsamplea\\src\\login\\LoginAction.js","statementMap":{"0":{"start":{"line":1,"column":13},"end":{"line":1,"column":75}},"1":{"start":{"line":1,"column":75},"end":{"line":1,"column":216}},"2":{"start":{"line":1,"column":229},"end":{"line":1,"column":245}},"3":{"start":{"line":1,"column":260},"end":{"line":1,"column":290}},"4":{"start":{"line":2,"column":23},"end":{"line":2,"column":70}},"5":{"start":{"line":2,"column":95},"end":{"line":2,"column":135}},"6":{"start":{"line":3,"column":17},"end":{"line":3,"column":44}},"7":{"start":{"line":4,"column":21},"end":{"line":4,"column":46}},"8":{"start":{"line":4,"column":85},"end":{"line":4,"column":139}},"9":{"start":{"line":6,"column":12},"end":{"line":6,"column":35}},"10":{"start":{"line":7,"column":20},"end":{"line":7,"column":59}},"11":{"start":{"line":8,"column":27},"end":{"line":8,"column":80}},"12":{"start":{"line":9,"column":23},"end":{"line":9,"column":68}},"13":{"start":{"line":11,"column":12},"end":{"line":32,"column":1}},"14":{"start":{"line":11,"column":81},"end":{"line":11,"column":101}},"15":{"start":{"line":11,"column":113},"end":{"line":11,"column":126}},"16":{"start":{"line":13,"column":12},"end":{"line":13,"column":45}},"17":{"start":{"line":15,"column":2},"end":{"line":31,"column":4}},"18":{"start":{"line":16,"column":4},"end":{"line":30,"column":7}},"19":{"start":{"line":18,"column":6},"end":{"line":18,"column":71}},"20":{"start":{"line":19,"column":6},"end":{"line":19,"column":57}},"21":{"start":{"line":21,"column":6},"end":{"line":22,"column":31}},"22":{"start":{"line":25,"column":6},"end":{"line":25,"column":33}},"23":{"start":{"line":26,"column":6},"end":{"line":26,"column":59}},"24":{"start":{"line":29,"column":6},"end":{"line":29,"column":87}},"25":{"start":{"line":35,"column":13},"end":{"line":44,"column":1}},"26":{"start":{"line":37,"column":2},"end":{"line":37,"column":23}},"27":{"start":{"line":38,"column":2},"end":{"line":42,"column":4}},"28":{"start":{"line":39,"column":4},"end":{"line":40,"column":32}}},"fnMap":{"0":{"name":"_interopRequireDefault","decl":{"start":{"line":4,"column":56},"end":{"line":4,"column":78}},"loc":{"start":{"line":4,"column":84},"end":{"line":4,"column":140}},"line":4},"1":{"name":"login","decl":{"start":{"line":11,"column":37},"end":{"line":11,"column":42}},"loc":{"start":{"line":11,"column":58},"end":{"line":32,"column":1}},"line":11},"2":{"name":"(anonymous_2)","decl":{"start":{"line":15,"column":9},"end":{"line":15,"column":10}},"loc":{"start":{"line":15,"column":29},"end":{"line":31,"column":3}},"line":15},"3":{"name":"(anonymous_3)","decl":{"start":{"line":17,"column":9},"end":{"line":17,"column":10}},"loc":{"start":{"line":17,"column":29},"end":{"line":27,"column":5}},"line":17},"4":{"name":"(anonymous_4)","decl":{"start":{"line":28,"column":10},"end":{"line":28,"column":11}},"loc":{"start":{"line":28,"column":27},"end":{"line":30,"column":5}},"line":28},"5":{"name":"logout","decl":{"start":{"line":35,"column":39},"end":{"line":35,"column":45}},"loc":{"start":{"line":35,"column":55},"end":{"line":44,"column":1}},"line":35},"6":{"name":"(anonymous_6)","decl":{"start":{"line":38,"column":9},"end":{"line":38,"column":10}},"loc":{"start":{"line":38,"column":29},"end":{"line":42,"column":3}},"line":38}},"branchMap":{"0":{"loc":{"start":{"line":4,"column":92},"end":{"line":4,"column":138}},"type":"cond-expr","locations":[{"start":{"line":4,"column":116},"end":{"line":4,"column":119}},{"start":{"line":4,"column":122},"end":{"line":4,"column":138}}],"line":4},"1":{"loc":{"start":{"line":4,"column":92},"end":{"line":4,"column":113}},"type":"binary-expr","locations":[{"start":{"line":4,"column":92},"end":{"line":4,"column":95}},{"start":{"line":4,"column":99},"end":{"line":4,"column":113}}],"line":4}},"s":{"0":3,"1":3,"2":3,"3":3,"4":3,"5":3,"6":3,"7":3,"8":6,"9":3,"10":3,"11":3,"12":3,"13":3,"14":0,"15":0,"16":0,"17":0,"18":0,"19":0,"20":0,"21":0,"22":0,"23":0,"24":0,"25":3,"26":0,"27":0,"28":0},"f":{"0":6,"1":0,"2":0,"3":0,"4":0,"5":0,"6":0},"b":{"0":[6,0],"1":[6,6]},"_coverageSchema":"332fd63041d2c1bcb487cc26dd0d5f7d97098a6c","hash":"d4da510d62b96600af1bcdf0c7b0392dfe3c5d29"}
,"C:\\Users\\LJ\\Desktop\\reactsamplea\\src\\login\\LoginComponent.js": {"path":"C:\\Users\\LJ\\Desktop\\reactsamplea\\src\\login\\LoginComponent.js","statementMap":{"0":{"start":{"line":1,"column":13},"end":{"line":1,"column":75}},"1":{"start":{"line":1,"column":75},"end":{"line":1,"column":101}},"2":{"start":{"line":1,"column":120},"end":{"line":1,"column":649}},"3":{"start":{"line":1,"column":175},"end":{"line":1,"column":440}},"4":{"start":{"line":1,"column":232},"end":{"line":1,"column":240}},"5":{"start":{"line":1,"column":241},"end":{"line":1,"column":296}},"6":{"start":{"line":1,"column":296},"end":{"line":1,"column":327}},"7":{"start":{"line":1,"column":327},"end":{"line":1,"column":381}},"8":{"start":{"line":1,"column":354},"end":{"line":1,"column":381}},"9":{"start":{"line":1,"column":381},"end":{"line":1,"column":439}},"10":{"start":{"line":1,"column":441},"end":{"line":1,"column":646}},"11":{"start":{"line":1,"column":497},"end":{"line":1,"column":565}},"12":{"start":{"line":1,"column":513},"end":{"line":1,"column":565}},"13":{"start":{"line":1,"column":565},"end":{"line":1,"column":625}},"14":{"start":{"line":1,"column":582},"end":{"line":1,"column":625}},"15":{"start":{"line":1,"column":625},"end":{"line":1,"column":644}},"16":{"start":{"line":1,"column":663},"end":{"line":1,"column":679}},"17":{"start":{"line":1,"column":694},"end":{"line":1,"column":724}},"18":{"start":{"line":2,"column":18},"end":{"line":2,"column":40}},"19":{"start":{"line":3,"column":17},"end":{"line":3,"column":38}},"20":{"start":{"line":4,"column":18},"end":{"line":4,"column":39}},"21":{"start":{"line":5,"column":21},"end":{"line":5,"column":46}},"22":{"start":{"line":6,"column":22},"end":{"line":6,"column":49}},"23":{"start":{"line":7,"column":19},"end":{"line":7,"column":43}},"24":{"start":{"line":10,"column":17},"end":{"line":10,"column":44}},"25":{"start":{"line":12,"column":19},"end":{"line":12,"column":48}},"26":{"start":{"line":12,"column":69},"end":{"line":12,"column":105}},"27":{"start":{"line":12,"column":144},"end":{"line":12,"column":198}},"28":{"start":{"line":12,"column":248},"end":{"line":12,"column":347}},"29":{"start":{"line":12,"column":289},"end":{"line":12,"column":346}},"30":{"start":{"line":12,"column":397},"end":{"line":12,"column":496}},"31":{"start":{"line":12,"column":409},"end":{"line":12,"column":495}},"32":{"start":{"line":12,"column":496},"end":{"line":12,"column":582}},"33":{"start":{"line":12,"column":625},"end":{"line":12,"column":788}},"34":{"start":{"line":12,"column":687},"end":{"line":12,"column":787}},"35":{"start":{"line":12,"column":788},"end":{"line":12,"column":952}},"36":{"start":{"line":12,"column":952},"end":{"line":12,"column":1070}},"37":{"start":{"line":12,"column":968},"end":{"line":12,"column":1070}},"38":{"start":{"line":15,"column":8},"end":{"line":60,"column":55}},"39":{"start":{"line":15,"column":53},"end":{"line":15,"column":88}},"40":{"start":{"line":15,"column":138},"end":{"line":15,"column":167}},"41":{"start":{"line":15,"column":167},"end":{"line":15,"column":283}},"42":{"start":{"line":15,"column":253},"end":{"line":15,"column":282}},"43":{"start":{"line":15,"column":283},"end":{"line":21,"column":59}},"44":{"start":{"line":19,"column":30},"end":{"line":19,"column":56}},"45":{"start":{"line":19,"column":68},"end":{"line":19,"column":87}},"46":{"start":{"line":20,"column":12},"end":{"line":20,"column":137}},"47":{"start":{"line":21,"column":60},"end":{"line":60,"column":14}},"48":{"start":{"line":24,"column":27},"end":{"line":24,"column":50}},"49":{"start":{"line":25,"column":12},"end":{"line":54,"column":184}},"50":{"start":{"line":60,"column":14},"end":{"line":60,"column":27}},"51":{"start":{"line":60,"column":56},"end":{"line":68,"column":10}}},"fnMap":{"0":{"name":"(anonymous_0)","decl":{"start":{"line":1,"column":120},"end":{"line":1,"column":121}},"loc":{"start":{"line":1,"column":132},"end":{"line":1,"column":647}},"line":1},"1":{"name":"defineProperties","decl":{"start":{"line":1,"column":142},"end":{"line":1,"column":158}},"loc":{"start":{"line":1,"column":174},"end":{"line":1,"column":441}},"line":1},"2":{"name":"(anonymous_2)","decl":{"start":{"line":1,"column":448},"end":{"line":1,"column":449}},"loc":{"start":{"line":1,"column":496},"end":{"line":1,"column":645}},"line":1},"3":{"name":"_interopRequireDefault","decl":{"start":{"line":12,"column":115},"end":{"line":12,"column":137}},"loc":{"start":{"line":12,"column":143},"end":{"line":12,"column":199}},"line":12},"4":{"name":"_classCallCheck","decl":{"start":{"line":12,"column":208},"end":{"line":12,"column":223}},"loc":{"start":{"line":12,"column":247},"end":{"line":12,"column":348}},"line":12},"5":{"name":"_possibleConstructorReturn","decl":{"start":{"line":12,"column":357},"end":{"line":12,"column":383}},"loc":{"start":{"line":12,"column":396},"end":{"line":12,"column":583}},"line":12},"6":{"name":"_inherits","decl":{"start":{"line":12,"column":592},"end":{"line":12,"column":601}},"loc":{"start":{"line":12,"column":624},"end":{"line":12,"column":1071}},"line":12},"7":{"name":"(anonymous_7)","decl":{"start":{"line":15,"column":24},"end":{"line":15,"column":25}},"loc":{"start":{"line":15,"column":52},"end":{"line":60,"column":28}},"line":15},"8":{"name":"Login","decl":{"start":{"line":15,"column":97},"end":{"line":15,"column":102}},"loc":{"start":{"line":15,"column":105},"end":{"line":21,"column":60}},"line":15},"9":{"name":"(anonymous_9)","decl":{"start":{"line":17,"column":17},"end":{"line":17,"column":18}},"loc":{"start":{"line":18,"column":8},"end":{"line":21,"column":9}},"line":18},"10":{"name":"render","decl":{"start":{"line":21,"column":114},"end":{"line":21,"column":120}},"loc":{"start":{"line":23,"column":8},"end":{"line":60,"column":9}},"line":23}},"branchMap":{"0":{"loc":{"start":{"line":1,"column":265},"end":{"line":1,"column":295}},"type":"binary-expr","locations":[{"start":{"line":1,"column":265},"end":{"line":1,"column":286}},{"start":{"line":1,"column":290},"end":{"line":1,"column":295}}],"line":1},"1":{"loc":{"start":{"line":1,"column":327},"end":{"line":1,"column":381}},"type":"if","locations":[{"start":{"line":1,"column":327},"end":{"line":1,"column":381}},{"start":{"line":1,"column":327},"end":{"line":1,"column":381}}],"line":1},"2":{"loc":{"start":{"line":1,"column":497},"end":{"line":1,"column":565}},"type":"if","locations":[{"start":{"line":1,"column":497},"end":{"line":1,"column":565}},{"start":{"line":1,"column":497},"end":{"line":1,"column":565}}],"line":1},"3":{"loc":{"start":{"line":1,"column":565},"end":{"line":1,"column":625}},"type":"if","locations":[{"start":{"line":1,"column":565},"end":{"line":1,"column":625}},{"start":{"line":1,"column":565},"end":{"line":1,"column":625}}],"line":1},"4":{"loc":{"start":{"line":12,"column":151},"end":{"line":12,"column":197}},"type":"cond-expr","locations":[{"start":{"line":12,"column":175},"end":{"line":12,"column":178}},{"start":{"line":12,"column":181},"end":{"line":12,"column":197}}],"line":12},"5":{"loc":{"start":{"line":12,"column":151},"end":{"line":12,"column":172}},"type":"binary-expr","locations":[{"start":{"line":12,"column":151},"end":{"line":12,"column":154}},{"start":{"line":12,"column":158},"end":{"line":12,"column":172}}],"line":12},"6":{"loc":{"start":{"line":12,"column":248},"end":{"line":12,"column":347}},"type":"if","locations":[{"start":{"line":12,"column":248},"end":{"line":12,"column":347}},{"start":{"line":12,"column":248},"end":{"line":12,"column":347}}],"line":12},"7":{"loc":{"start":{"line":12,"column":397},"end":{"line":12,"column":496}},"type":"if","locations":[{"start":{"line":12,"column":397},"end":{"line":12,"column":496}},{"start":{"line":12,"column":397},"end":{"line":12,"column":496}}],"line":12},"8":{"loc":{"start":{"line":12,"column":503},"end":{"line":12,"column":581}},"type":"cond-expr","locations":[{"start":{"line":12,"column":570},"end":{"line":12,"column":574}},{"start":{"line":12,"column":577},"end":{"line":12,"column":581}}],"line":12},"9":{"loc":{"start":{"line":12,"column":503},"end":{"line":12,"column":567}},"type":"binary-expr","locations":[{"start":{"line":12,"column":503},"end":{"line":12,"column":507}},{"start":{"line":12,"column":512},"end":{"line":12,"column":536}},{"start":{"line":12,"column":540},"end":{"line":12,"column":566}}],"line":12},"10":{"loc":{"start":{"line":12,"column":625},"end":{"line":12,"column":788}},"type":"if","locations":[{"start":{"line":12,"column":625},"end":{"line":12,"column":788}},{"start":{"line":12,"column":625},"end":{"line":12,"column":788}}],"line":12},"11":{"loc":{"start":{"line":12,"column":629},"end":{"line":12,"column":684}},"type":"binary-expr","locations":[{"start":{"line":12,"column":629},"end":{"line":12,"column":661}},{"start":{"line":12,"column":665},"end":{"line":12,"column":684}}],"line":12},"12":{"loc":{"start":{"line":12,"column":823},"end":{"line":12,"column":857}},"type":"binary-expr","locations":[{"start":{"line":12,"column":823},"end":{"line":12,"column":833}},{"start":{"line":12,"column":837},"end":{"line":12,"column":857}}],"line":12},"13":{"loc":{"start":{"line":12,"column":952},"end":{"line":12,"column":1070}},"type":"if","locations":[{"start":{"line":12,"column":952},"end":{"line":12,"column":1070}},{"start":{"line":12,"column":952},"end":{"line":12,"column":1070}}],"line":12},"14":{"loc":{"start":{"line":12,"column":968},"end":{"line":12,"column":1069}},"type":"cond-expr","locations":[{"start":{"line":12,"column":992},"end":{"line":12,"column":1035}},{"start":{"line":12,"column":1038},"end":{"line":12,"column":1069}}],"line":12},"15":{"loc":{"start":{"line":15,"column":356},"end":{"line":15,"column":403}},"type":"binary-expr","locations":[{"start":{"line":15,"column":356},"end":{"line":15,"column":371}},{"start":{"line":15,"column":375},"end":{"line":15,"column":403}}],"line":15}},"s":{"0":1,"1":1,"2":1,"3":1,"4":1,"5":1,"6":1,"7":1,"8":1,"9":1,"10":1,"11":1,"12":1,"13":1,"14":0,"15":1,"16":1,"17":1,"18":1,"19":1,"20":1,"21":1,"22":1,"23":1,"24":1,"25":1,"26":1,"27":2,"28":0,"29":0,"30":0,"31":0,"32":0,"33":1,"34":0,"35":1,"36":1,"37":1,"38":1,"39":1,"40":0,"41":0,"42":0,"43":0,"44":0,"45":0,"46":0,"47":1,"48":0,"49":0,"50":1,"51":1},"f":{"0":1,"1":1,"2":1,"3":2,"4":0,"5":0,"6":1,"7":1,"8":0,"9":0,"10":0},"b":{"0":[1,1],"1":[1,0],"2":[1,0],"3":[0,1],"4":[1,1],"5":[2,2],"6":[0,0],"7":[0,0],"8":[0,0],"9":[0,0,0],"10":[0,1],"11":[1,0],"12":[1,1],"13":[1,0],"14":[1,0],"15":[0,0]},"_coverageSchema":"332fd63041d2c1bcb487cc26dd0d5f7d97098a6c","hash":"5bc4eb11ab07b6f2a617d4f12a2a2054e5e98785"}
,"C:\\Users\\LJ\\Desktop\\reactsamplea\\src\\login\\LoginReducer.js": {"path":"C:\\Users\\LJ\\Desktop\\reactsamplea\\src\\login\\LoginReducer.js","statementMap":{"0":{"start":{"line":1,"column":13},"end":{"line":1,"column":75}},"1":{"start":{"line":1,"column":90},"end":{"line":1,"column":321}},"2":{"start":{"line":1,"column":126},"end":{"line":1,"column":306}},"3":{"start":{"line":1,"column":183},"end":{"line":1,"column":195}},"4":{"start":{"line":1,"column":196},"end":{"line":1,"column":305}},"5":{"start":{"line":1,"column":221},"end":{"line":1,"column":304}},"6":{"start":{"line":1,"column":277},"end":{"line":1,"column":303}},"7":{"start":{"line":1,"column":306},"end":{"line":1,"column":320}},"8":{"start":{"line":1,"column":341},"end":{"line":1,"column":365}},"9":{"start":{"line":4,"column":19},"end":{"line":14,"column":1}},"10":{"start":{"line":4,"column":56},"end":{"line":4,"column":189}},"11":{"start":{"line":4,"column":203},"end":{"line":4,"column":215}},"12":{"start":{"line":5,"column":4},"end":{"line":12,"column":26}},"13":{"start":{"line":8,"column":12},"end":{"line":8,"column":66}},"14":{"start":{"line":10,"column":12},"end":{"line":10,"column":67}},"15":{"start":{"line":12,"column":12},"end":{"line":12,"column":25}},"16":{"start":{"line":14,"column":2},"end":{"line":15,"column":13}}},"fnMap":{"0":{"name":"(anonymous_0)","decl":{"start":{"line":1,"column":107},"end":{"line":1,"column":108}},"loc":{"start":{"line":1,"column":125},"end":{"line":1,"column":321}},"line":1},"1":{"name":"loginReducer","decl":{"start":{"line":4,"column":28},"end":{"line":4,"column":40}},"loc":{"start":{"line":4,"column":43},"end":{"line":14,"column":1}},"line":4}},"branchMap":{"0":{"loc":{"start":{"line":1,"column":90},"end":{"line":1,"column":321}},"type":"binary-expr","locations":[{"start":{"line":1,"column":90},"end":{"line":1,"column":103}},{"start":{"line":1,"column":107},"end":{"line":1,"column":321}}],"line":1},"1":{"loc":{"start":{"line":1,"column":221},"end":{"line":1,"column":304}},"type":"if","locations":[{"start":{"line":1,"column":221},"end":{"line":1,"column":304}},{"start":{"line":1,"column":221},"end":{"line":1,"column":304}}],"line":1},"2":{"loc":{"start":{"line":4,"column":56},"end":{"line":4,"column":189}},"type":"cond-expr","locations":[{"start":{"line":4,"column":109},"end":{"line":4,"column":121}},{"start":{"line":4,"column":124},"end":{"line":4,"column":189}}],"line":4},"3":{"loc":{"start":{"line":4,"column":56},"end":{"line":4,"column":106}},"type":"binary-expr","locations":[{"start":{"line":4,"column":56},"end":{"line":4,"column":76}},{"start":{"line":4,"column":80},"end":{"line":4,"column":106}}],"line":4},"4":{"loc":{"start":{"line":4,"column":143},"end":{"line":4,"column":187}},"type":"cond-expr","locations":[{"start":{"line":4,"column":175},"end":{"line":4,"column":179}},{"start":{"line":4,"column":182},"end":{"line":4,"column":187}}],"line":4},"5":{"loc":{"start":{"line":5,"column":4},"end":{"line":12,"column":26}},"type":"switch","locations":[{"start":{"line":7,"column":8},"end":{"line":8,"column":66}},{"start":{"line":9,"column":8},"end":{"line":10,"column":67}},{"start":{"line":11,"column":8},"end":{"line":12,"column":25}}],"line":5}},"s":{"0":1,"1":1,"2":0,"3":0,"4":0,"5":0,"6":0,"7":0,"8":1,"9":1,"10":3,"11":3,"12":3,"13":1,"14":1,"15":1,"16":1},"f":{"0":0,"1":3},"b":{"0":[1,0],"1":[0,0],"2":[0,3],"3":[3,3],"4":[0,3],"5":[1,1,1]},"_coverageSchema":"332fd63041d2c1bcb487cc26dd0d5f7d97098a6c","hash":"9bedc5ce3e2c1d81280fa99b76b8cff2c805b423"}
,"C:\\Users\\LJ\\Desktop\\reactsamplea\\src\\signup\\SignUpAction.js": {"path":"C:\\Users\\LJ\\Desktop\\reactsamplea\\src\\signup\\SignUpAction.js","statementMap":{"0":{"start":{"line":1,"column":13},"end":{"line":1,"column":75}},"1":{"start":{"line":1,"column":75},"end":{"line":1,"column":119}},"2":{"start":{"line":1,"column":132},"end":{"line":1,"column":148}},"3":{"start":{"line":1,"column":163},"end":{"line":1,"column":193}},"4":{"start":{"line":2,"column":21},"end":{"line":2,"column":46}},"5":{"start":{"line":4,"column":17},"end":{"line":4,"column":44}},"6":{"start":{"line":4,"column":83},"end":{"line":4,"column":137}},"7":{"start":{"line":4,"column":151},"end":{"line":4,"column":176}},"8":{"start":{"line":6,"column":13},"end":{"line":22,"column":1}},"9":{"start":{"line":6,"column":78},"end":{"line":6,"column":92}},"10":{"start":{"line":6,"column":104},"end":{"line":6,"column":117}},"11":{"start":{"line":6,"column":129},"end":{"line":6,"column":142}},"12":{"start":{"line":6,"column":151},"end":{"line":6,"column":161}},"13":{"start":{"line":6,"column":170},"end":{"line":6,"column":180}},"14":{"start":{"line":6,"column":192},"end":{"line":6,"column":205}},"15":{"start":{"line":9,"column":14},"end":{"line":9,"column":47}},"16":{"start":{"line":10,"column":4},"end":{"line":21,"column":6}},"17":{"start":{"line":11,"column":8},"end":{"line":20,"column":11}},"18":{"start":{"line":14,"column":12},"end":{"line":14,"column":35}},"19":{"start":{"line":15,"column":12},"end":{"line":15,"column":73}},"20":{"start":{"line":19,"column":12},"end":{"line":19,"column":59}}},"fnMap":{"0":{"name":"_interopRequireDefault","decl":{"start":{"line":4,"column":54},"end":{"line":4,"column":76}},"loc":{"start":{"line":4,"column":82},"end":{"line":4,"column":138}},"line":4},"1":{"name":"signUp","decl":{"start":{"line":6,"column":39},"end":{"line":6,"column":45}},"loc":{"start":{"line":6,"column":61},"end":{"line":22,"column":1}},"line":6},"2":{"name":"(anonymous_2)","decl":{"start":{"line":10,"column":11},"end":{"line":10,"column":12}},"loc":{"start":{"line":10,"column":31},"end":{"line":21,"column":5}},"line":10},"3":{"name":"(anonymous_3)","decl":{"start":{"line":12,"column":13},"end":{"line":12,"column":14}},"loc":{"start":{"line":12,"column":33},"end":{"line":17,"column":9}},"line":12},"4":{"name":"(anonymous_4)","decl":{"start":{"line":18,"column":14},"end":{"line":18,"column":15}},"loc":{"start":{"line":18,"column":31},"end":{"line":20,"column":9}},"line":18}},"branchMap":{"0":{"loc":{"start":{"line":4,"column":90},"end":{"line":4,"column":136}},"type":"cond-expr","locations":[{"start":{"line":4,"column":114},"end":{"line":4,"column":117}},{"start":{"line":4,"column":120},"end":{"line":4,"column":136}}],"line":4},"1":{"loc":{"start":{"line":4,"column":90},"end":{"line":4,"column":111}},"type":"binary-expr","locations":[{"start":{"line":4,"column":90},"end":{"line":4,"column":93}},{"start":{"line":4,"column":97},"end":{"line":4,"column":111}}],"line":4}},"s":{"0":1,"1":1,"2":1,"3":1,"4":1,"5":1,"6":1,"7":1,"8":1,"9":0,"10":0,"11":0,"12":0,"13":0,"14":0,"15":0,"16":0,"17":0,"18":0,"19":0,"20":0},"f":{"0":1,"1":0,"2":0,"3":0,"4":0},"b":{"0":[1,0],"1":[1,1]},"_coverageSchema":"332fd63041d2c1bcb487cc26dd0d5f7d97098a6c","hash":"71df5c0781a58c38825f810fc9545c6e0a3e6125"}
,"C:\\Users\\LJ\\Desktop\\reactsamplea\\src\\signup\\SignUpComponant.js": {"path":"C:\\Users\\LJ\\Desktop\\reactsamplea\\src\\signup\\SignUpComponant.js","statementMap":{"0":{"start":{"line":1,"column":13},"end":{"line":1,"column":75}},"1":{"start":{"line":1,"column":94},"end":{"line":1,"column":623}},"2":{"start":{"line":1,"column":149},"end":{"line":1,"column":414}},"3":{"start":{"line":1,"column":206},"end":{"line":1,"column":214}},"4":{"start":{"line":1,"column":215},"end":{"line":1,"column":270}},"5":{"start":{"line":1,"column":270},"end":{"line":1,"column":301}},"6":{"start":{"line":1,"column":301},"end":{"line":1,"column":355}},"7":{"start":{"line":1,"column":328},"end":{"line":1,"column":355}},"8":{"start":{"line":1,"column":355},"end":{"line":1,"column":413}},"9":{"start":{"line":1,"column":415},"end":{"line":1,"column":620}},"10":{"start":{"line":1,"column":471},"end":{"line":1,"column":539}},"11":{"start":{"line":1,"column":487},"end":{"line":1,"column":539}},"12":{"start":{"line":1,"column":539},"end":{"line":1,"column":599}},"13":{"start":{"line":1,"column":556},"end":{"line":1,"column":599}},"14":{"start":{"line":1,"column":599},"end":{"line":1,"column":618}},"15":{"start":{"line":1,"column":637},"end":{"line":1,"column":653}},"16":{"start":{"line":1,"column":668},"end":{"line":1,"column":698}},"17":{"start":{"line":2,"column":18},"end":{"line":2,"column":40}},"18":{"start":{"line":3,"column":21},"end":{"line":3,"column":46}},"19":{"start":{"line":4,"column":22},"end":{"line":4,"column":49}},"20":{"start":{"line":5,"column":17},"end":{"line":5,"column":38}},"21":{"start":{"line":6,"column":18},"end":{"line":6,"column":39}},"22":{"start":{"line":7,"column":20},"end":{"line":7,"column":45}},"23":{"start":{"line":8,"column":19},"end":{"line":8,"column":48}},"24":{"start":{"line":8,"column":69},"end":{"line":8,"column":105}},"25":{"start":{"line":10,"column":17},"end":{"line":10,"column":44}},"26":{"start":{"line":10,"column":83},"end":{"line":10,"column":137}},"27":{"start":{"line":10,"column":187},"end":{"line":10,"column":286}},"28":{"start":{"line":10,"column":228},"end":{"line":10,"column":285}},"29":{"start":{"line":10,"column":336},"end":{"line":10,"column":435}},"30":{"start":{"line":10,"column":348},"end":{"line":10,"column":434}},"31":{"start":{"line":10,"column":435},"end":{"line":10,"column":521}},"32":{"start":{"line":10,"column":564},"end":{"line":10,"column":727}},"33":{"start":{"line":10,"column":626},"end":{"line":10,"column":726}},"34":{"start":{"line":10,"column":727},"end":{"line":10,"column":891}},"35":{"start":{"line":10,"column":891},"end":{"line":10,"column":1009}},"36":{"start":{"line":10,"column":907},"end":{"line":10,"column":1009}},"37":{"start":{"line":12,"column":9},"end":{"line":90,"column":56}},"38":{"start":{"line":12,"column":38},"end":{"line":12,"column":74}},"39":{"start":{"line":12,"column":125},"end":{"line":12,"column":155}},"40":{"start":{"line":12,"column":155},"end":{"line":12,"column":271}},"41":{"start":{"line":12,"column":241},"end":{"line":12,"column":270}},"42":{"start":{"line":12,"column":271},"end":{"line":19,"column":59}},"43":{"start":{"line":16,"column":24},"end":{"line":16,"column":44}},"44":{"start":{"line":16,"column":56},"end":{"line":16,"column":75}},"45":{"start":{"line":16,"column":87},"end":{"line":16,"column":106}},"46":{"start":{"line":16,"column":115},"end":{"line":16,"column":131}},"47":{"start":{"line":16,"column":140},"end":{"line":16,"column":156}},"48":{"start":{"line":16,"column":168},"end":{"line":16,"column":187}},"49":{"start":{"line":18,"column":12},"end":{"line":18,"column":195}},"50":{"start":{"line":19,"column":60},"end":{"line":90,"column":14}},"51":{"start":{"line":22,"column":27},"end":{"line":22,"column":50}},"52":{"start":{"line":23,"column":12},"end":{"line":84,"column":187}},"53":{"start":{"line":90,"column":14},"end":{"line":90,"column":28}},"54":{"start":{"line":90,"column":57},"end":{"line":95,"column":8}}},"fnMap":{"0":{"name":"(anonymous_0)","decl":{"start":{"line":1,"column":94},"end":{"line":1,"column":95}},"loc":{"start":{"line":1,"column":106},"end":{"line":1,"column":621}},"line":1},"1":{"name":"defineProperties","decl":{"start":{"line":1,"column":116},"end":{"line":1,"column":132}},"loc":{"start":{"line":1,"column":148},"end":{"line":1,"column":415}},"line":1},"2":{"name":"(anonymous_2)","decl":{"start":{"line":1,"column":422},"end":{"line":1,"column":423}},"loc":{"start":{"line":1,"column":470},"end":{"line":1,"column":619}},"line":1},"3":{"name":"_interopRequireDefault","decl":{"start":{"line":10,"column":54},"end":{"line":10,"column":76}},"loc":{"start":{"line":10,"column":82},"end":{"line":10,"column":138}},"line":10},"4":{"name":"_classCallCheck","decl":{"start":{"line":10,"column":147},"end":{"line":10,"column":162}},"loc":{"start":{"line":10,"column":186},"end":{"line":10,"column":287}},"line":10},"5":{"name":"_possibleConstructorReturn","decl":{"start":{"line":10,"column":296},"end":{"line":10,"column":322}},"loc":{"start":{"line":10,"column":335},"end":{"line":10,"column":522}},"line":10},"6":{"name":"_inherits","decl":{"start":{"line":10,"column":531},"end":{"line":10,"column":540}},"loc":{"start":{"line":10,"column":563},"end":{"line":10,"column":1010}},"line":10},"7":{"name":"(anonymous_7)","decl":{"start":{"line":12,"column":9},"end":{"line":12,"column":10}},"loc":{"start":{"line":12,"column":37},"end":{"line":90,"column":29}},"line":12},"8":{"name":"SignUp","decl":{"start":{"line":12,"column":83},"end":{"line":12,"column":89}},"loc":{"start":{"line":12,"column":92},"end":{"line":19,"column":60}},"line":12},"9":{"name":"(anonymous_9)","decl":{"start":{"line":14,"column":17},"end":{"line":14,"column":18}},"loc":{"start":{"line":15,"column":8},"end":{"line":19,"column":9}},"line":15},"10":{"name":"render","decl":{"start":{"line":19,"column":115},"end":{"line":19,"column":121}},"loc":{"start":{"line":21,"column":8},"end":{"line":90,"column":9}},"line":21}},"branchMap":{"0":{"loc":{"start":{"line":1,"column":239},"end":{"line":1,"column":269}},"type":"binary-expr","locations":[{"start":{"line":1,"column":239},"end":{"line":1,"column":260}},{"start":{"line":1,"column":264},"end":{"line":1,"column":269}}],"line":1},"1":{"loc":{"start":{"line":1,"column":301},"end":{"line":1,"column":355}},"type":"if","locations":[{"start":{"line":1,"column":301},"end":{"line":1,"column":355}},{"start":{"line":1,"column":301},"end":{"line":1,"column":355}}],"line":1},"2":{"loc":{"start":{"line":1,"column":471},"end":{"line":1,"column":539}},"type":"if","locations":[{"start":{"line":1,"column":471},"end":{"line":1,"column":539}},{"start":{"line":1,"column":471},"end":{"line":1,"column":539}}],"line":1},"3":{"loc":{"start":{"line":1,"column":539},"end":{"line":1,"column":599}},"type":"if","locations":[{"start":{"line":1,"column":539},"end":{"line":1,"column":599}},{"start":{"line":1,"column":539},"end":{"line":1,"column":599}}],"line":1},"4":{"loc":{"start":{"line":10,"column":90},"end":{"line":10,"column":136}},"type":"cond-expr","locations":[{"start":{"line":10,"column":114},"end":{"line":10,"column":117}},{"start":{"line":10,"column":120},"end":{"line":10,"column":136}}],"line":10},"5":{"loc":{"start":{"line":10,"column":90},"end":{"line":10,"column":111}},"type":"binary-expr","locations":[{"start":{"line":10,"column":90},"end":{"line":10,"column":93}},{"start":{"line":10,"column":97},"end":{"line":10,"column":111}}],"line":10},"6":{"loc":{"start":{"line":10,"column":187},"end":{"line":10,"column":286}},"type":"if","locations":[{"start":{"line":10,"column":187},"end":{"line":10,"column":286}},{"start":{"line":10,"column":187},"end":{"line":10,"column":286}}],"line":10},"7":{"loc":{"start":{"line":10,"column":336},"end":{"line":10,"column":435}},"type":"if","locations":[{"start":{"line":10,"column":336},"end":{"line":10,"column":435}},{"start":{"line":10,"column":336},"end":{"line":10,"column":435}}],"line":10},"8":{"loc":{"start":{"line":10,"column":442},"end":{"line":10,"column":520}},"type":"cond-expr","locations":[{"start":{"line":10,"column":509},"end":{"line":10,"column":513}},{"start":{"line":10,"column":516},"end":{"line":10,"column":520}}],"line":10},"9":{"loc":{"start":{"line":10,"column":442},"end":{"line":10,"column":506}},"type":"binary-expr","locations":[{"start":{"line":10,"column":442},"end":{"line":10,"column":446}},{"start":{"line":10,"column":451},"end":{"line":10,"column":475}},{"start":{"line":10,"column":479},"end":{"line":10,"column":505}}],"line":10},"10":{"loc":{"start":{"line":10,"column":564},"end":{"line":10,"column":727}},"type":"if","locations":[{"start":{"line":10,"column":564},"end":{"line":10,"column":727}},{"start":{"line":10,"column":564},"end":{"line":10,"column":727}}],"line":10},"11":{"loc":{"start":{"line":10,"column":568},"end":{"line":10,"column":623}},"type":"binary-expr","locations":[{"start":{"line":10,"column":568},"end":{"line":10,"column":600}},{"start":{"line":10,"column":604},"end":{"line":10,"column":623}}],"line":10},"12":{"loc":{"start":{"line":10,"column":762},"end":{"line":10,"column":796}},"type":"binary-expr","locations":[{"start":{"line":10,"column":762},"end":{"line":10,"column":772}},{"start":{"line":10,"column":776},"end":{"line":10,"column":796}}],"line":10},"13":{"loc":{"start":{"line":10,"column":891},"end":{"line":10,"column":1009}},"type":"if","locations":[{"start":{"line":10,"column":891},"end":{"line":10,"column":1009}},{"start":{"line":10,"column":891},"end":{"line":10,"column":1009}}],"line":10},"14":{"loc":{"start":{"line":10,"column":907},"end":{"line":10,"column":1008}},"type":"cond-expr","locations":[{"start":{"line":10,"column":931},"end":{"line":10,"column":974}},{"start":{"line":10,"column":977},"end":{"line":10,"column":1008}}],"line":10},"15":{"loc":{"start":{"line":12,"column":344},"end":{"line":12,"column":393}},"type":"binary-expr","locations":[{"start":{"line":12,"column":344},"end":{"line":12,"column":360}},{"start":{"line":12,"column":364},"end":{"line":12,"column":393}}],"line":12}},"s":{"0":1,"1":1,"2":1,"3":1,"4":1,"5":1,"6":1,"7":1,"8":1,"9":1,"10":1,"11":1,"12":1,"13":0,"14":1,"15":1,"16":1,"17":1,"18":1,"19":1,"20":1,"21":1,"22":1,"23":1,"24":1,"25":1,"26":2,"27":0,"28":0,"29":0,"30":0,"31":0,"32":1,"33":0,"34":1,"35":1,"36":1,"37":1,"38":1,"39":0,"40":0,"41":0,"42":0,"43":0,"44":0,"45":0,"46":0,"47":0,"48":0,"49":0,"50":1,"51":0,"52":0,"53":1,"54":1},"f":{"0":1,"1":1,"2":1,"3":2,"4":0,"5":0,"6":1,"7":1,"8":0,"9":0,"10":0},"b":{"0":[1,1],"1":[1,0],"2":[1,0],"3":[0,1],"4":[1,1],"5":[2,2],"6":[0,0],"7":[0,0],"8":[0,0],"9":[0,0,0],"10":[0,1],"11":[1,0],"12":[1,1],"13":[1,0],"14":[1,0],"15":[0,0]},"_coverageSchema":"332fd63041d2c1bcb487cc26dd0d5f7d97098a6c","hash":"0079ac4c7b793799b12db5db0026d6e72a85da2f"}
}
