TN:
SF:C:\Users\LJ\Desktop\reactsamplea\src\setupTests.js
FN:3,_interopRequireDefault
FN:9,(anonymous_1)
FN:12,getItem
FN:15,setItem
FN:18,clear
FN:21,removeItem
FNF:6
FNH:4
FNDA:16,_interopRequireDefault
FNDA:8,(anonymous_1)
FNDA:3,getItem
FNDA:2,setItem
FNDA:0,clear
FNDA:0,removeItem
DA:1,8
DA:3,16
DA:5,8
DA:9,8
DA:10,8
DA:11,8
DA:13,3
DA:16,2
DA:19,0
DA:22,0
DA:26,8
LF:11
LH:9
BRDA:3,0,0,0
BRDA:3,0,1,16
BRDA:3,1,0,16
BRDA:3,1,1,16
BRF:4
BRH:3
end_of_record
TN:
SF:C:\Users\LJ\Desktop\reactsamplea\src\Gallery\ImagesReducer.js
FN:1,_interopRequireDefault
FN:4,imagesReducer
FN:16,(anonymous_2)
FNF:3
FNH:3
FNDA:1,_interopRequireDefault
FNDA:3,imagesReducer
FNDA:2,(anonymous_2)
DA:1,1
DA:4,1
DA:5,3
DA:6,3
DA:9,1
DA:10,1
DA:11,1
DA:15,1
DA:16,2
DA:17,1
DA:18,1
DA:20,0
DA:22,1
DA:24,1
LF:14
LH:13
BRDA:1,0,0,1
BRDA:1,0,1,0
BRDA:1,1,0,1
BRDA:1,1,1,1
BRDA:5,2,0,1
BRDA:5,2,1,2
BRDA:5,3,0,3
BRDA:5,3,1,3
BRDA:6,4,0,1
BRDA:6,4,1,1
BRDA:6,4,2,0
BRDA:6,4,3,1
BRDA:9,5,0,1
BRDA:9,5,1,0
BRDA:20,6,0,0
BRDA:20,6,1,0
BRF:16
BRH:11
end_of_record
TN:
SF:C:\Users\LJ\Desktop\reactsamplea\src\app\Constants.js
FN:9,required
FN:11,maxLength
FN:11,(anonymous_2)
FN:16,minLength
FN:16,(anonymous_4)
FN:22,number
FN:25,minValue
FN:25,(anonymous_7)
FN:28,minValue1
FN:33,email
FN:38,tooYoung
FN:43,aol
FN:48,alphaNumeric
FN:53,alphabetic
FN:56,phoneNumber
FNF:15
FNH:3
FNDA:0,required
FNDA:5,maxLength
FNDA:0,(anonymous_2)
FNDA:10,minLength
FNDA:0,(anonymous_4)
FNDA:0,number
FNDA:5,minValue
FNDA:0,(anonymous_7)
FNDA:0,minValue1
FNDA:0,email
FNDA:0,tooYoung
FNDA:0,aol
FNDA:0,alphaNumeric
FNDA:0,alphabetic
FNDA:0,phoneNumber
DA:1,5
DA:2,5
DA:9,5
DA:11,5
DA:14,5
DA:16,10
DA:19,5
DA:20,5
DA:22,5
DA:25,5
DA:28,5
DA:31,5
DA:33,5
DA:38,5
DA:43,5
DA:48,5
DA:53,5
DA:56,5
LF:18
LH:18
BRDA:9,0,0,0
BRDA:9,0,1,0
BRDA:9,1,0,0
BRDA:9,1,1,0
BRDA:12,2,0,0
BRDA:12,2,1,0
BRDA:12,3,0,0
BRDA:12,3,1,0
BRDA:17,4,0,0
BRDA:17,4,1,0
BRDA:17,5,0,0
BRDA:17,5,1,0
BRDA:23,6,0,0
BRDA:23,6,1,0
BRDA:23,7,0,0
BRDA:23,7,1,0
BRDA:26,8,0,0
BRDA:26,8,1,0
BRDA:26,9,0,0
BRDA:26,9,1,0
BRDA:29,10,0,0
BRDA:29,10,1,0
BRDA:29,11,0,0
BRDA:29,11,1,0
BRDA:34,12,0,0
BRDA:34,12,1,0
BRDA:34,13,0,0
BRDA:34,13,1,0
BRDA:39,14,0,0
BRDA:39,14,1,0
BRDA:39,15,0,0
BRDA:39,15,1,0
BRDA:44,16,0,0
BRDA:44,16,1,0
BRDA:44,17,0,0
BRDA:44,17,1,0
BRDA:49,18,0,0
BRDA:49,18,1,0
BRDA:49,19,0,0
BRDA:49,19,1,0
BRDA:54,20,0,0
BRDA:54,20,1,0
BRDA:54,21,0,0
BRDA:54,21,1,0
BRDA:57,22,0,0
BRDA:57,22,1,0
BRDA:57,23,0,0
BRDA:57,23,1,0
BRF:48
BRH:0
end_of_record
TN:
SF:C:\Users\LJ\Desktop\reactsamplea\src\app\RenderField.js
FN:1,(anonymous_0)
FN:1,_interopRequireDefault
FN:3,renderField
FNF:3
FNH:1
FNDA:0,(anonymous_0)
FNDA:2,_interopRequireDefault
FNDA:0,renderField
DA:1,2
DA:3,2
DA:9,2
LF:3
LH:3
BRDA:1,0,0,2
BRDA:1,0,1,0
BRDA:1,1,0,0
BRDA:1,1,1,0
BRDA:1,2,0,0
BRDA:1,2,1,2
BRDA:1,3,0,2
BRDA:1,3,1,2
BRDA:7,4,0,0
BRDA:7,4,1,0
BRDA:7,4,2,0
BRDA:7,4,3,0
BRDA:7,4,4,0
BRF:13
BRH:4
end_of_record
TN:
SF:C:\Users\LJ\Desktop\reactsamplea\src\expense\expenseReducer.js
FN:1,(anonymous_0)
FN:6,_interopRequireDefault
FN:10,expenseReducer
FN:25,(anonymous_3)
FN:28,(anonymous_4)
FN:30,(anonymous_5)
FNF:6
FNH:4
FNDA:0,(anonymous_0)
FNDA:4,_interopRequireDefault
FNDA:5,expenseReducer
FNDA:2,(anonymous_3)
FNDA:0,(anonymous_4)
FNDA:2,(anonymous_5)
DA:1,1
DA:6,4
DA:10,1
DA:11,5
DA:13,5
DA:17,2
DA:18,2
DA:23,0
DA:25,2
DA:28,0
DA:30,2
DA:34,1
DA:36,1
LF:13
LH:11
BRDA:1,0,0,1
BRDA:1,0,1,0
BRDA:1,1,0,0
BRDA:1,1,1,0
BRDA:6,2,0,4
BRDA:6,2,1,0
BRDA:6,3,0,4
BRDA:6,3,1,4
BRDA:11,4,0,3
BRDA:11,4,1,2
BRDA:11,5,0,5
BRDA:11,5,1,5
BRDA:13,6,0,2
BRDA:13,6,1,0
BRDA:13,6,2,1
BRDA:13,6,3,0
BRDA:13,6,4,1
BRDA:13,6,5,1
BRDA:23,7,0,0
BRDA:23,7,1,0
BRDA:28,8,0,0
BRDA:28,8,1,0
BRDA:30,9,0,1
BRDA:30,9,1,1
BRF:24
BRH:14
end_of_record
TN:
SF:C:\Users\LJ\Desktop\reactsamplea\src\expense\add\AddExpenseAction.js
FN:3,_interopRequireDefault
FN:5,addexpense
FN:14,(anonymous_2)
FN:16,(anonymous_3)
FN:25,(anonymous_4)
FNF:5
FNH:1
FNDA:1,_interopRequireDefault
FNDA:0,addexpense
FNDA:0,(anonymous_2)
FNDA:0,(anonymous_3)
FNDA:0,(anonymous_4)
DA:1,1
DA:2,1
DA:3,1
DA:4,1
DA:5,1
DA:6,0
DA:13,0
DA:14,0
DA:15,0
DA:17,0
DA:22,0
DA:23,0
DA:26,0
LF:13
LH:5
BRDA:3,0,0,1
BRDA:3,0,1,0
BRDA:3,1,0,1
BRDA:3,1,1,1
BRF:4
BRH:3
end_of_record
TN:
SF:C:\Users\LJ\Desktop\reactsamplea\src\expense\add\try.js
FN:2,_interopRequireDefault
FN:5,Try
FNF:2
FNH:2
FNDA:1,_interopRequireDefault
FNDA:3,Try
DA:1,1
DA:2,1
DA:5,1
DA:6,3
DA:7,3
DA:10,1
LF:6
LH:6
BRDA:2,0,0,0
BRDA:2,0,1,1
BRDA:2,1,0,1
BRDA:2,1,1,1
BRF:4
BRH:3
end_of_record
TN:
SF:C:\Users\LJ\Desktop\reactsamplea\src\expense\dashboard\DashBoardAction.js
FN:2,_interopRequireDefault
FN:4,displayExpense
FN:6,(anonymous_2)
FN:8,(anonymous_3)
FN:14,(anonymous_4)
FNF:5
FNH:1
FNDA:4,_interopRequireDefault
FNDA:0,displayExpense
FNDA:0,(anonymous_2)
FNDA:0,(anonymous_3)
FNDA:0,(anonymous_4)
DA:1,4
DA:2,4
DA:3,4
DA:4,4
DA:5,0
DA:6,0
DA:7,0
DA:9,0
DA:14,0
LF:9
LH:4
BRDA:2,0,0,4
BRDA:2,0,1,0
BRDA:2,1,0,4
BRDA:2,1,1,4
BRF:4
BRH:3
end_of_record
TN:
SF:C:\Users\LJ\Desktop\reactsamplea\src\expense\delete\DeleteExpenseAction.js
FN:3,_interopRequireDefault
FN:6,deleteExpense
FN:9,(anonymous_2)
FN:11,(anonymous_3)
FN:18,(anonymous_4)
FNF:5
FNH:1
FNDA:1,_interopRequireDefault
FNDA:0,deleteExpense
FNDA:0,(anonymous_2)
FNDA:0,(anonymous_3)
FNDA:0,(anonymous_4)
DA:1,1
DA:2,1
DA:3,1
DA:5,1
DA:6,1
DA:8,0
DA:9,0
DA:10,0
DA:12,0
DA:16,0
DA:19,0
LF:11
LH:5
BRDA:3,0,0,1
BRDA:3,0,1,0
BRDA:3,1,0,1
BRDA:3,1,1,1
BRF:4
BRH:3
end_of_record
TN:
SF:C:\Users\LJ\Desktop\reactsamplea\src\login\LoginAction.js
FN:4,_interopRequireDefault
FN:11,login
FN:15,(anonymous_2)
FN:17,(anonymous_3)
FN:28,(anonymous_4)
FN:35,logout
FN:38,(anonymous_6)
FNF:7
FNH:1
FNDA:6,_interopRequireDefault
FNDA:0,login
FNDA:0,(anonymous_2)
FNDA:0,(anonymous_3)
FNDA:0,(anonymous_4)
FNDA:0,logout
FNDA:0,(anonymous_6)
DA:1,3
DA:2,3
DA:3,3
DA:4,6
DA:6,3
DA:7,3
DA:8,3
DA:9,3
DA:11,3
DA:13,0
DA:15,0
DA:16,0
DA:18,0
DA:19,0
DA:21,0
DA:25,0
DA:26,0
DA:29,0
DA:35,3
DA:37,0
DA:38,0
DA:39,0
LF:22
LH:10
BRDA:4,0,0,6
BRDA:4,0,1,0
BRDA:4,1,0,6
BRDA:4,1,1,6
BRF:4
BRH:3
end_of_record
TN:
SF:C:\Users\LJ\Desktop\reactsamplea\src\login\LoginComponent.js
FN:1,(anonymous_0)
FN:1,defineProperties
FN:1,(anonymous_2)
FN:12,_interopRequireDefault
FN:12,_classCallCheck
FN:12,_possibleConstructorReturn
FN:12,_inherits
FN:15,(anonymous_7)
FN:15,Login
FN:17,(anonymous_9)
FN:21,render
FNF:11
FNH:6
FNDA:1,(anonymous_0)
FNDA:1,defineProperties
FNDA:1,(anonymous_2)
FNDA:2,_interopRequireDefault
FNDA:0,_classCallCheck
FNDA:0,_possibleConstructorReturn
FNDA:1,_inherits
FNDA:1,(anonymous_7)
FNDA:0,Login
FNDA:0,(anonymous_9)
FNDA:0,render
DA:1,1
DA:2,1
DA:3,1
DA:4,1
DA:5,1
DA:6,1
DA:7,1
DA:10,1
DA:12,2
DA:15,1
DA:19,0
DA:20,0
DA:21,1
DA:24,0
DA:25,0
DA:60,1
LF:16
LH:12
BRDA:1,0,0,1
BRDA:1,0,1,1
BRDA:1,1,0,1
BRDA:1,1,1,0
BRDA:1,2,0,1
BRDA:1,2,1,0
BRDA:1,3,0,0
BRDA:1,3,1,1
BRDA:12,4,0,1
BRDA:12,4,1,1
BRDA:12,5,0,2
BRDA:12,5,1,2
BRDA:12,6,0,0
BRDA:12,6,1,0
BRDA:12,7,0,0
BRDA:12,7,1,0
BRDA:12,8,0,0
BRDA:12,8,1,0
BRDA:12,9,0,0
BRDA:12,9,1,0
BRDA:12,9,2,0
BRDA:12,10,0,0
BRDA:12,10,1,1
BRDA:12,11,0,1
BRDA:12,11,1,0
BRDA:12,12,0,1
BRDA:12,12,1,1
BRDA:12,13,0,1
BRDA:12,13,1,0
BRDA:12,14,0,1
BRDA:12,14,1,0
BRDA:15,15,0,0
BRDA:15,15,1,0
BRF:33
BRH:15
end_of_record
TN:
SF:C:\Users\LJ\Desktop\reactsamplea\src\login\LoginReducer.js
FN:1,(anonymous_0)
FN:4,loginReducer
FNF:2
FNH:1
FNDA:0,(anonymous_0)
FNDA:3,loginReducer
DA:1,1
DA:4,3
DA:5,3
DA:8,1
DA:10,1
DA:12,1
DA:14,1
LF:7
LH:7
BRDA:1,0,0,1
BRDA:1,0,1,0
BRDA:1,1,0,0
BRDA:1,1,1,0
BRDA:4,2,0,0
BRDA:4,2,1,3
BRDA:4,3,0,3
BRDA:4,3,1,3
BRDA:4,4,0,0
BRDA:4,4,1,3
BRDA:5,5,0,1
BRDA:5,5,1,1
BRDA:5,5,2,1
BRF:13
BRH:8
end_of_record
TN:
SF:C:\Users\LJ\Desktop\reactsamplea\src\signup\SignUpAction.js
FN:4,_interopRequireDefault
FN:6,signUp
FN:10,(anonymous_2)
FN:12,(anonymous_3)
FN:18,(anonymous_4)
FNF:5
FNH:1
FNDA:1,_interopRequireDefault
FNDA:0,signUp
FNDA:0,(anonymous_2)
FNDA:0,(anonymous_3)
FNDA:0,(anonymous_4)
DA:1,1
DA:2,1
DA:4,1
DA:6,1
DA:9,0
DA:10,0
DA:11,0
DA:14,0
DA:15,0
DA:19,0
LF:10
LH:4
BRDA:4,0,0,1
BRDA:4,0,1,0
BRDA:4,1,0,1
BRDA:4,1,1,1
BRF:4
BRH:3
end_of_record
TN:
SF:C:\Users\LJ\Desktop\reactsamplea\src\signup\SignUpComponant.js
FN:1,(anonymous_0)
FN:1,defineProperties
FN:1,(anonymous_2)
FN:10,_interopRequireDefault
FN:10,_classCallCheck
FN:10,_possibleConstructorReturn
FN:10,_inherits
FN:12,(anonymous_7)
FN:12,SignUp
FN:14,(anonymous_9)
FN:19,render
FNF:11
FNH:6
FNDA:1,(anonymous_0)
FNDA:1,defineProperties
FNDA:1,(anonymous_2)
FNDA:2,_interopRequireDefault
FNDA:0,_classCallCheck
FNDA:0,_possibleConstructorReturn
FNDA:1,_inherits
FNDA:1,(anonymous_7)
FNDA:0,SignUp
FNDA:0,(anonymous_9)
FNDA:0,render
DA:1,1
DA:2,1
DA:3,1
DA:4,1
DA:5,1
DA:6,1
DA:7,1
DA:8,1
DA:10,2
DA:12,1
DA:16,0
DA:18,0
DA:19,1
DA:22,0
DA:23,0
DA:90,1
LF:16
LH:12
BRDA:1,0,0,1
BRDA:1,0,1,1
BRDA:1,1,0,1
BRDA:1,1,1,0
BRDA:1,2,0,1
BRDA:1,2,1,0
BRDA:1,3,0,0
BRDA:1,3,1,1
BRDA:10,4,0,1
BRDA:10,4,1,1
BRDA:10,5,0,2
BRDA:10,5,1,2
BRDA:10,6,0,0
BRDA:10,6,1,0
BRDA:10,7,0,0
BRDA:10,7,1,0
BRDA:10,8,0,0
BRDA:10,8,1,0
BRDA:10,9,0,0
BRDA:10,9,1,0
BRDA:10,9,2,0
BRDA:10,10,0,0
BRDA:10,10,1,1
BRDA:10,11,0,1
BRDA:10,11,1,0
BRDA:10,12,0,1
BRDA:10,12,1,1
BRDA:10,13,0,1
BRDA:10,13,1,0
BRDA:10,14,0,1
BRDA:10,14,1,0
BRDA:12,15,0,0
BRDA:12,15,1,0
BRF:33
BRH:15
end_of_record
